mode: set
w-gift-server/internal/app/services/admin_brand_svc.go:18.59,23.2 1 0
w-gift-server/internal/app/services/admin_brand_svc.go:25.122,27.2 1 0
w-gift-server/internal/app/services/admin_brand_svc.go:30.80,32.2 1 0
w-gift-server/internal/app/services/admin_brand_svc.go:34.68,35.58 1 0
w-gift-server/internal/app/services/admin_brand_svc.go:35.58,37.3 1 0
w-gift-server/internal/app/services/admin_brand_svc.go:39.2,40.70 2 0
w-gift-server/internal/app/services/admin_brand_svc.go:40.70,42.3 1 0
w-gift-server/internal/app/services/admin_brand_svc.go:43.2,43.70 1 0
w-gift-server/internal/app/services/admin_brand_svc.go:43.70,45.3 1 0
w-gift-server/internal/app/services/admin_brand_svc.go:46.2,46.34 1 0
w-gift-server/internal/app/services/admin_brand_svc.go:49.81,58.23 1 0
w-gift-server/internal/app/services/admin_brand_svc.go:58.23,60.3 1 0
w-gift-server/internal/app/services/admin_brand_svc.go:62.2,62.21 1 0
w-gift-server/internal/app/services/admin_brand_svc.go:62.21,66.3 1 0
w-gift-server/internal/app/services/admin_brand_svc.go:67.2,67.12 1 0
w-gift-server/internal/app/services/admin_brand_svc.go:70.60,73.22 3 0
w-gift-server/internal/app/services/admin_brand_svc.go:73.22,75.3 1 0
w-gift-server/internal/app/services/admin_brand_svc.go:76.2,76.61 1 0
w-gift-server/internal/app/services/admin_cart_svc.go:15.57,17.2 1 0
w-gift-server/internal/app/services/admin_cart_svc.go:19.126,26.2 6 0
w-gift-server/internal/app/services/admin_cart_svc.go:28.80,32.2 3 0
w-gift-server/internal/app/services/admin_cart_svc.go:34.57,36.2 1 0
w-gift-server/internal/app/services/admin_cart_svc.go:38.60,40.2 1 0
w-gift-server/internal/app/services/admin_content_svc.go:22.63,30.2 1 0
w-gift-server/internal/app/services/admin_content_svc.go:34.129,36.2 1 0
w-gift-server/internal/app/services/admin_content_svc.go:38.73,40.2 1 0
w-gift-server/internal/app/services/admin_content_svc.go:42.68,43.49 1 0
w-gift-server/internal/app/services/admin_content_svc.go:43.49,45.3 1 0
w-gift-server/internal/app/services/admin_content_svc.go:46.2,46.31 1 0
w-gift-server/internal/app/services/admin_content_svc.go:49.76,51.2 1 0
w-gift-server/internal/app/services/admin_content_svc.go:53.58,53.92 1 0
w-gift-server/internal/app/services/admin_content_svc.go:57.123,59.2 1 0
w-gift-server/internal/app/services/admin_content_svc.go:61.67,61.100 1 0
w-gift-server/internal/app/services/admin_content_svc.go:63.62,64.46 1 0
w-gift-server/internal/app/services/admin_content_svc.go:64.46,66.3 1 0
w-gift-server/internal/app/services/admin_content_svc.go:67.2,67.28 1 0
w-gift-server/internal/app/services/admin_content_svc.go:70.70,70.104 1 0
w-gift-server/internal/app/services/admin_content_svc.go:72.55,72.86 1 0
w-gift-server/internal/app/services/admin_content_svc.go:76.127,78.2 1 0
w-gift-server/internal/app/services/admin_content_svc.go:80.71,82.2 1 0
w-gift-server/internal/app/services/admin_content_svc.go:84.66,85.48 1 0
w-gift-server/internal/app/services/admin_content_svc.go:85.48,87.3 1 0
w-gift-server/internal/app/services/admin_content_svc.go:88.2,88.30 1 0
w-gift-server/internal/app/services/admin_content_svc.go:91.74,93.50 1 0
w-gift-server/internal/app/services/admin_content_svc.go:93.50,94.36 1 0
w-gift-server/internal/app/services/admin_content_svc.go:94.36,96.4 1 0
w-gift-server/internal/app/services/admin_content_svc.go:98.2,98.34 1 0
w-gift-server/internal/app/services/admin_content_svc.go:101.57,101.90 1 0
w-gift-server/internal/app/services/admin_content_svc.go:105.132,112.2 6 0
w-gift-server/internal/app/services/admin_content_svc.go:114.75,118.2 3 0
w-gift-server/internal/app/services/admin_content_svc.go:120.87,121.18 1 0
w-gift-server/internal/app/services/admin_content_svc.go:121.18,123.3 1 0
w-gift-server/internal/app/services/admin_content_svc.go:124.2,124.24 1 0
w-gift-server/internal/app/services/admin_content_svc.go:124.24,126.3 1 0
w-gift-server/internal/app/services/admin_content_svc.go:129.2,130.78 2 0
w-gift-server/internal/app/services/admin_content_svc.go:130.78,132.3 1 0
w-gift-server/internal/app/services/admin_content_svc.go:133.2,133.32 1 0
w-gift-server/internal/app/services/admin_content_svc.go:133.32,135.3 1 0
w-gift-server/internal/app/services/admin_content_svc.go:137.2,143.10 2 0
w-gift-server/internal/app/services/admin_content_svc.go:146.58,148.78 2 0
w-gift-server/internal/app/services/admin_content_svc.go:148.78,150.3 1 0
w-gift-server/internal/app/services/admin_content_svc.go:151.2,151.32 1 0
w-gift-server/internal/app/services/admin_content_svc.go:151.32,153.3 1 0
w-gift-server/internal/app/services/admin_content_svc.go:154.2,156.10 1 0
w-gift-server/internal/app/services/admin_content_svc.go:159.64,161.2 1 0
w-gift-server/internal/app/services/admin_content_svc.go:165.130,167.2 1 0
w-gift-server/internal/app/services/admin_content_svc.go:169.73,171.2 1 0
w-gift-server/internal/app/services/admin_content_svc.go:173.68,174.73 1 0
w-gift-server/internal/app/services/admin_content_svc.go:174.73,176.3 1 0
w-gift-server/internal/app/services/admin_content_svc.go:177.2,178.31 2 0
w-gift-server/internal/app/services/admin_content_svc.go:178.31,180.3 1 0
w-gift-server/internal/app/services/admin_content_svc.go:181.2,181.50 1 0
w-gift-server/internal/app/services/admin_content_svc.go:181.50,183.18 1 0
w-gift-server/internal/app/services/admin_content_svc.go:183.18,184.136 1 0
w-gift-server/internal/app/services/admin_content_svc.go:184.136,186.5 1 0
w-gift-server/internal/app/services/admin_content_svc.go:188.3,188.28 1 0
w-gift-server/internal/app/services/admin_content_svc.go:192.76,193.17 1 0
w-gift-server/internal/app/services/admin_content_svc.go:193.17,196.57 2 0
w-gift-server/internal/app/services/admin_content_svc.go:196.57,198.4 1 0
w-gift-server/internal/app/services/admin_content_svc.go:200.2,200.35 1 0
w-gift-server/internal/app/services/admin_content_svc.go:203.62,204.50 1 0
w-gift-server/internal/app/services/admin_content_svc.go:204.50,206.53 2 0
w-gift-server/internal/app/services/admin_content_svc.go:206.53,208.4 1 0
w-gift-server/internal/app/services/admin_content_svc.go:210.3,210.140 1 0
w-gift-server/internal/app/services/admin_content_svc.go:210.140,212.4 1 0
w-gift-server/internal/app/services/admin_content_svc.go:213.3,213.59 1 0
w-gift-server/internal/app/services/admin_content_svc.go:217.58,219.2 1 0
w-gift-server/internal/app/services/admin_content_svc.go:222.91,225.16 3 0
w-gift-server/internal/app/services/admin_content_svc.go:225.16,227.3 1 0
w-gift-server/internal/app/services/admin_content_svc.go:228.2,228.21 1 0
w-gift-server/internal/app/services/admin_gift_svc.go:15.57,17.2 1 0
w-gift-server/internal/app/services/admin_gift_svc.go:19.122,23.23 4 0
w-gift-server/internal/app/services/admin_gift_svc.go:23.23,25.3 1 0
w-gift-server/internal/app/services/admin_gift_svc.go:26.2,26.22 1 0
w-gift-server/internal/app/services/admin_gift_svc.go:26.22,28.3 1 0
w-gift-server/internal/app/services/admin_gift_svc.go:29.2,32.89 3 0
w-gift-server/internal/app/services/admin_gift_svc.go:35.72,39.2 3 0
w-gift-server/internal/app/services/admin_gift_svc.go:41.67,53.2 6 0
w-gift-server/internal/app/services/admin_order_svc.go:15.36,17.16 2 1
w-gift-server/internal/app/services/admin_order_svc.go:17.16,19.3 1 0
w-gift-server/internal/app/services/admin_order_svc.go:20.2,20.12 1 1
w-gift-server/internal/app/services/admin_order_svc.go:29.59,34.2 1 0
w-gift-server/internal/app/services/admin_order_svc.go:36.137,38.18 2 0
w-gift-server/internal/app/services/admin_order_svc.go:38.18,40.3 1 0
w-gift-server/internal/app/services/admin_order_svc.go:41.2,41.43 1 0
w-gift-server/internal/app/services/admin_order_svc.go:44.75,48.46 2 0
w-gift-server/internal/app/services/admin_order_svc.go:48.46,50.4 1 0
w-gift-server/internal/app/services/admin_order_svc.go:51.39,53.3 1 0
w-gift-server/internal/app/services/admin_order_svc.go:54.2,54.20 1 0
w-gift-server/internal/app/services/admin_order_svc.go:57.76,59.70 2 0
w-gift-server/internal/app/services/admin_order_svc.go:59.70,61.3 1 0
w-gift-server/internal/app/services/admin_order_svc.go:62.2,62.77 1 0
w-gift-server/internal/app/services/admin_order_svc.go:62.77,64.3 1 0
w-gift-server/internal/app/services/admin_order_svc.go:65.2,65.87 1 0
w-gift-server/internal/app/services/admin_order_svc.go:71.91,72.19 1 0
w-gift-server/internal/app/services/admin_order_svc.go:72.19,74.3 1 0
w-gift-server/internal/app/services/admin_order_svc.go:76.2,76.29 1 0
w-gift-server/internal/app/services/admin_order_svc.go:76.29,78.51 2 0
w-gift-server/internal/app/services/admin_order_svc.go:78.51,81.94 2 0
w-gift-server/internal/app/services/admin_order_svc.go:81.94,83.5 1 0
w-gift-server/internal/app/services/admin_order_svc.go:86.4,87.33 2 0
w-gift-server/internal/app/services/admin_order_svc.go:87.33,88.80 1 0
w-gift-server/internal/app/services/admin_order_svc.go:88.80,90.6 1 0
w-gift-server/internal/app/services/admin_order_svc.go:93.4,93.26 1 0
w-gift-server/internal/app/services/admin_order_svc.go:93.26,95.5 1 0
w-gift-server/internal/app/services/admin_order_svc.go:98.4,98.110 1 0
w-gift-server/internal/app/services/admin_order_svc.go:98.110,100.5 1 0
w-gift-server/internal/app/services/admin_order_svc.go:101.4,102.14 2 0
w-gift-server/internal/app/services/admin_order_svc.go:104.3,104.27 1 0
w-gift-server/internal/app/services/admin_order_svc.go:110.60,111.50 1 0
w-gift-server/internal/app/services/admin_order_svc.go:111.50,114.79 2 0
w-gift-server/internal/app/services/admin_order_svc.go:114.79,116.4 1 0
w-gift-server/internal/app/services/admin_order_svc.go:119.3,119.29 1 0
w-gift-server/internal/app/services/admin_order_svc.go:119.29,121.4 1 0
w-gift-server/internal/app/services/admin_order_svc.go:124.3,125.41 2 0
w-gift-server/internal/app/services/admin_order_svc.go:125.41,131.39 2 0
w-gift-server/internal/app/services/admin_order_svc.go:131.39,133.5 1 0
w-gift-server/internal/app/services/admin_order_svc.go:134.4,134.37 1 0
w-gift-server/internal/app/services/admin_order_svc.go:134.37,137.5 1 0
w-gift-server/internal/app/services/admin_order_svc.go:140.4,141.31 2 0
w-gift-server/internal/app/services/admin_order_svc.go:141.31,143.5 1 0
w-gift-server/internal/app/services/admin_order_svc.go:144.4,148.25 1 0
w-gift-server/internal/app/services/admin_order_svc.go:148.25,150.5 1 0
w-gift-server/internal/app/services/admin_order_svc.go:154.3,157.24 1 0
w-gift-server/internal/app/services/admin_order_svc.go:157.24,159.4 1 0
w-gift-server/internal/app/services/admin_order_svc.go:161.3,161.13 1 0
w-gift-server/internal/app/services/admin_order_svc.go:166.77,168.30 2 0
w-gift-server/internal/app/services/admin_order_svc.go:168.30,170.3 1 0
w-gift-server/internal/app/services/admin_order_svc.go:171.2,171.21 1 0
w-gift-server/internal/app/services/admin_product_svc.go:19.63,24.2 1 0
w-gift-server/internal/app/services/admin_product_svc.go:26.128,32.23 4 0
w-gift-server/internal/app/services/admin_product_svc.go:32.23,34.3 1 0
w-gift-server/internal/app/services/admin_product_svc.go:35.2,35.24 1 0
w-gift-server/internal/app/services/admin_product_svc.go:35.24,37.3 1 0
w-gift-server/internal/app/services/admin_product_svc.go:38.2,38.22 1 0
w-gift-server/internal/app/services/admin_product_svc.go:38.22,40.3 1 0
w-gift-server/internal/app/services/admin_product_svc.go:41.2,44.16 3 0
w-gift-server/internal/app/services/admin_product_svc.go:44.16,46.3 1 0
w-gift-server/internal/app/services/admin_product_svc.go:47.2,47.89 1 0
w-gift-server/internal/app/services/admin_product_svc.go:50.76,51.62 1 0
w-gift-server/internal/app/services/admin_product_svc.go:51.62,53.3 1 0
w-gift-server/internal/app/services/admin_product_svc.go:54.2,55.38 2 0
w-gift-server/internal/app/services/admin_product_svc.go:58.84,60.16 2 0
w-gift-server/internal/app/services/admin_product_svc.go:60.16,62.3 1 0
w-gift-server/internal/app/services/admin_product_svc.go:63.2,63.36 1 0
w-gift-server/internal/app/services/admin_product_svc.go:63.36,65.3 1 0
w-gift-server/internal/app/services/admin_product_svc.go:66.2,66.89 1 0
w-gift-server/internal/app/services/admin_product_svc.go:66.89,68.3 1 0
w-gift-server/internal/app/services/admin_product_svc.go:69.2,69.87 1 0
w-gift-server/internal/app/services/admin_product_svc.go:69.87,71.3 1 0
w-gift-server/internal/app/services/admin_product_svc.go:72.2,90.10 2 0
w-gift-server/internal/app/services/admin_product_svc.go:93.96,95.86 2 0
w-gift-server/internal/app/services/admin_product_svc.go:95.86,97.3 1 0
w-gift-server/internal/app/services/admin_product_svc.go:98.2,98.95 1 0
w-gift-server/internal/app/services/admin_product_svc.go:98.95,100.3 1 0
w-gift-server/internal/app/services/admin_product_svc.go:102.2,105.42 2 0
w-gift-server/internal/app/services/admin_product_svc.go:105.42,107.3 1 0
w-gift-server/internal/app/services/admin_product_svc.go:108.2,108.26 1 0
w-gift-server/internal/app/services/admin_product_svc.go:108.26,110.3 1 0
w-gift-server/internal/app/services/admin_product_svc.go:111.2,111.81 1 0
w-gift-server/internal/app/services/admin_product_svc.go:114.59,120.24 3 0
w-gift-server/internal/app/services/admin_product_svc.go:120.24,122.3 1 0
w-gift-server/internal/app/services/admin_product_svc.go:125.2,129.24 3 0
w-gift-server/internal/app/services/admin_product_svc.go:129.24,131.3 1 0
w-gift-server/internal/app/services/admin_product_svc.go:133.2,133.33 1 0
w-gift-server/internal/app/services/admin_refund_svc.go:23.100,25.29 2 0
w-gift-server/internal/app/services/admin_refund_svc.go:25.29,27.3 1 0
w-gift-server/internal/app/services/admin_refund_svc.go:28.2,28.12 1 0
w-gift-server/internal/app/services/admin_refund_svc.go:31.128,38.2 6 0
w-gift-server/internal/app/services/admin_refund_svc.go:40.72,44.2 3 0
w-gift-server/internal/app/services/admin_refund_svc.go:46.71,49.88 2 0
w-gift-server/internal/app/services/admin_refund_svc.go:49.88,51.3 1 0
w-gift-server/internal/app/services/admin_refund_svc.go:52.2,52.69 1 0
w-gift-server/internal/app/services/admin_refund_svc.go:52.69,54.3 1 0
w-gift-server/internal/app/services/admin_refund_svc.go:56.2,57.50 2 0
w-gift-server/internal/app/services/admin_refund_svc.go:57.50,63.24 1 0
w-gift-server/internal/app/services/admin_refund_svc.go:63.24,65.4 1 0
w-gift-server/internal/app/services/admin_refund_svc.go:68.3,69.51 1 0
w-gift-server/internal/app/services/admin_refund_svc.go:69.51,71.4 1 0
w-gift-server/internal/app/services/admin_refund_svc.go:74.3,80.25 1 0
w-gift-server/internal/app/services/admin_refund_svc.go:80.25,82.4 1 0
w-gift-server/internal/app/services/admin_refund_svc.go:87.3,87.13 1 0
w-gift-server/internal/app/services/admin_refund_svc.go:89.2,89.16 1 0
w-gift-server/internal/app/services/admin_refund_svc.go:89.16,91.3 1 0
w-gift-server/internal/app/services/admin_refund_svc.go:94.2,94.29 1 0
w-gift-server/internal/app/services/admin_refund_svc.go:94.29,96.3 1 0
w-gift-server/internal/app/services/admin_refund_svc.go:98.2,98.12 1 0
w-gift-server/internal/app/services/admin_refund_svc.go:101.70,103.71 2 0
w-gift-server/internal/app/services/admin_refund_svc.go:103.71,105.3 1 0
w-gift-server/internal/app/services/admin_refund_svc.go:106.2,106.69 1 0
w-gift-server/internal/app/services/admin_refund_svc.go:106.69,108.3 1 0
w-gift-server/internal/app/services/admin_refund_svc.go:109.2,114.10 2 0
w-gift-server/internal/app/services/admin_report_svc.go:12.51,13.16 1 0
w-gift-server/internal/app/services/admin_report_svc.go:13.16,15.3 1 0
w-gift-server/internal/app/services/admin_report_svc.go:16.2,16.58 1 0
w-gift-server/internal/app/services/admin_report_svc.go:16.58,18.3 1 0
w-gift-server/internal/app/services/admin_report_svc.go:19.2,19.12 1 0
w-gift-server/internal/app/services/admin_report_svc.go:27.61,29.2 1 0
w-gift-server/internal/app/services/admin_report_svc.go:37.108,39.67 1 0
w-gift-server/internal/app/services/admin_report_svc.go:39.67,41.3 1 0
w-gift-server/internal/app/services/admin_report_svc.go:42.2,42.65 1 0
w-gift-server/internal/app/services/admin_report_svc.go:42.65,44.3 1 0
w-gift-server/internal/app/services/admin_report_svc.go:45.2,49.21 3 0
w-gift-server/internal/app/services/admin_report_svc.go:49.21,51.3 1 0
w-gift-server/internal/app/services/admin_report_svc.go:52.2,52.19 1 0
w-gift-server/internal/app/services/admin_report_svc.go:52.19,54.3 1 0
w-gift-server/internal/app/services/admin_report_svc.go:55.2,56.21 2 0
w-gift-server/internal/app/services/admin_report_svc.go:59.106,61.67 1 0
w-gift-server/internal/app/services/admin_report_svc.go:61.67,63.3 1 0
w-gift-server/internal/app/services/admin_report_svc.go:64.2,64.65 1 0
w-gift-server/internal/app/services/admin_report_svc.go:64.65,66.3 1 0
w-gift-server/internal/app/services/admin_report_svc.go:67.2,71.21 3 0
w-gift-server/internal/app/services/admin_report_svc.go:71.21,73.3 1 0
w-gift-server/internal/app/services/admin_report_svc.go:74.2,74.19 1 0
w-gift-server/internal/app/services/admin_report_svc.go:74.19,76.3 1 0
w-gift-server/internal/app/services/admin_report_svc.go:77.2,78.21 2 0
w-gift-server/internal/app/services/admin_report_svc.go:82.93,83.62 1 0
w-gift-server/internal/app/services/admin_report_svc.go:83.62,85.3 1 0
w-gift-server/internal/app/services/admin_report_svc.go:86.2,86.60 1 0
w-gift-server/internal/app/services/admin_report_svc.go:86.60,88.3 1 0
w-gift-server/internal/app/services/admin_report_svc.go:90.2,100.21 4 0
w-gift-server/internal/app/services/admin_report_svc.go:104.93,105.62 1 0
w-gift-server/internal/app/services/admin_report_svc.go:105.62,107.3 1 0
w-gift-server/internal/app/services/admin_report_svc.go:108.2,108.60 1 0
w-gift-server/internal/app/services/admin_report_svc.go:108.60,110.3 1 0
w-gift-server/internal/app/services/admin_report_svc.go:112.2,126.21 4 0
w-gift-server/internal/app/services/admin_report_svc.go:130.87,131.62 1 0
w-gift-server/internal/app/services/admin_report_svc.go:131.62,133.3 1 0
w-gift-server/internal/app/services/admin_report_svc.go:134.2,134.60 1 0
w-gift-server/internal/app/services/admin_report_svc.go:134.60,136.3 1 0
w-gift-server/internal/app/services/admin_report_svc.go:138.2,157.30 7 0
w-gift-server/internal/app/services/admin_report_svc.go:157.30,159.3 1 0
w-gift-server/internal/app/services/admin_report_svc.go:160.2,161.31 2 0
w-gift-server/internal/app/services/admin_report_svc.go:161.31,163.3 1 0
w-gift-server/internal/app/services/admin_report_svc.go:165.2,171.8 1 0
w-gift-server/internal/app/services/admin_report_svc.go:175.83,176.16 1 0
w-gift-server/internal/app/services/admin_report_svc.go:176.16,178.3 1 0
w-gift-server/internal/app/services/admin_report_svc.go:179.2,189.21 3 0
w-gift-server/internal/app/services/admin_report_svc.go:192.91,197.150 3 0
w-gift-server/internal/app/services/admin_report_svc.go:197.150,199.3 1 0
w-gift-server/internal/app/services/admin_report_svc.go:201.2,202.122 2 0
w-gift-server/internal/app/services/admin_report_svc.go:202.122,204.3 1 0
w-gift-server/internal/app/services/admin_report_svc.go:206.2,210.8 1 0
w-gift-server/internal/app/services/admin_service.go:19.84,21.2 1 0
w-gift-server/internal/app/services/admin_service.go:24.76,28.2 3 0
w-gift-server/internal/app/services/admin_service.go:31.79,32.110 1 0
w-gift-server/internal/app/services/admin_service.go:32.110,34.3 1 0
w-gift-server/internal/app/services/admin_service.go:35.2,35.21 1 0
w-gift-server/internal/app/services/admin_service.go:35.21,37.3 1 0
w-gift-server/internal/app/services/admin_service.go:38.2,38.12 1 0
w-gift-server/internal/app/services/admin_service.go:42.89,46.2 3 0
w-gift-server/internal/app/services/admin_service.go:49.84,53.2 3 0
w-gift-server/internal/app/services/admin_service.go:56.77,58.2 1 0
w-gift-server/internal/app/services/admin_service.go:61.61,63.2 1 0
w-gift-server/internal/app/services/admin_session_svc.go:19.63,24.2 1 0
w-gift-server/internal/app/services/admin_session_svc.go:26.130,28.2 1 0
w-gift-server/internal/app/services/admin_session_svc.go:30.83,34.2 3 0
w-gift-server/internal/app/services/admin_session_svc.go:36.133,42.23 6 0
w-gift-server/internal/app/services/admin_session_svc.go:42.23,44.3 1 0
w-gift-server/internal/app/services/admin_session_svc.go:45.2,45.22 1 0
w-gift-server/internal/app/services/admin_session_svc.go:45.22,47.3 1 0
w-gift-server/internal/app/services/admin_session_svc.go:48.2,50.89 3 0
w-gift-server/internal/app/services/admin_session_svc.go:53.79,55.53 2 0
w-gift-server/internal/app/services/admin_session_svc.go:55.53,57.3 1 0
w-gift-server/internal/app/services/admin_session_svc.go:58.2,58.36 1 0
w-gift-server/internal/app/services/admin_session_svc.go:58.36,60.3 1 0
w-gift-server/internal/app/services/admin_session_svc.go:61.2,61.54 1 0
w-gift-server/internal/app/services/admin_session_svc.go:64.68,66.2 1 0
w-gift-server/internal/app/services/admin_stats_svc.go:16.59,18.2 1 0
w-gift-server/internal/app/services/admin_stats_svc.go:21.64,42.2 10 0
w-gift-server/internal/app/services/admin_stats_svc.go:45.87,47.16 2 0
w-gift-server/internal/app/services/admin_stats_svc.go:47.16,49.3 1 0
w-gift-server/internal/app/services/admin_stats_svc.go:51.2,52.16 2 0
w-gift-server/internal/app/services/admin_stats_svc.go:52.16,54.3 1 0
w-gift-server/internal/app/services/admin_stats_svc.go:55.2,58.16 3 0
w-gift-server/internal/app/services/admin_stats_svc.go:59.15,60.72 1 0
w-gift-server/internal/app/services/admin_stats_svc.go:61.14,62.90 1 0
w-gift-server/internal/app/services/admin_stats_svc.go:63.15,64.90 1 0
w-gift-server/internal/app/services/admin_stats_svc.go:65.10,66.21 1 0
w-gift-server/internal/app/services/admin_stats_svc.go:69.2,73.20 4 0
w-gift-server/internal/app/services/admin_stats_svc.go:73.20,75.3 1 0
w-gift-server/internal/app/services/admin_stats_svc.go:76.2,80.20 4 0
w-gift-server/internal/app/services/admin_stats_svc.go:80.20,82.3 1 0
w-gift-server/internal/app/services/admin_stats_svc.go:83.2,86.30 3 0
w-gift-server/internal/app/services/admin_stats_svc.go:86.30,88.3 1 0
w-gift-server/internal/app/services/admin_stats_svc.go:89.2,90.32 2 0
w-gift-server/internal/app/services/admin_stats_svc.go:90.32,92.3 1 0
w-gift-server/internal/app/services/admin_stats_svc.go:94.2,129.20 18 0
w-gift-server/internal/app/services/admin_tradein_svc.go:19.63,24.2 1 0
w-gift-server/internal/app/services/admin_tradein_svc.go:26.143,28.18 2 0
w-gift-server/internal/app/services/admin_tradein_svc.go:28.18,30.3 1 0
w-gift-server/internal/app/services/admin_tradein_svc.go:31.2,31.45 1 0
w-gift-server/internal/app/services/admin_tradein_svc.go:34.75,38.2 3 0
w-gift-server/internal/app/services/admin_tradein_svc.go:40.93,43.76 2 0
w-gift-server/internal/app/services/admin_tradein_svc.go:43.76,45.3 1 0
w-gift-server/internal/app/services/admin_tradein_svc.go:46.2,46.81 1 0
w-gift-server/internal/app/services/admin_tradein_svc.go:46.81,48.3 1 0
w-gift-server/internal/app/services/admin_tradein_svc.go:49.2,52.10 1 0
w-gift-server/internal/app/services/admin_tradein_svc.go:57.92,59.76 2 0
w-gift-server/internal/app/services/admin_tradein_svc.go:59.76,61.3 1 0
w-gift-server/internal/app/services/admin_tradein_svc.go:62.2,62.85 1 0
w-gift-server/internal/app/services/admin_tradein_svc.go:62.85,64.3 1 0
w-gift-server/internal/app/services/admin_tradein_svc.go:65.2,71.10 2 0
w-gift-server/internal/app/services/admin_user_svc.go:27.57,33.2 1 0
w-gift-server/internal/app/services/admin_user_svc.go:35.151,40.21 4 0
w-gift-server/internal/app/services/admin_user_svc.go:40.21,42.3 1 0
w-gift-server/internal/app/services/admin_user_svc.go:43.2,43.16 1 0
w-gift-server/internal/app/services/admin_user_svc.go:43.16,45.3 1 0
w-gift-server/internal/app/services/admin_user_svc.go:46.2,46.18 1 0
w-gift-server/internal/app/services/admin_user_svc.go:46.18,49.3 2 0
w-gift-server/internal/app/services/admin_user_svc.go:50.2,52.23 2 0
w-gift-server/internal/app/services/admin_user_svc.go:52.23,54.3 1 0
w-gift-server/internal/app/services/admin_user_svc.go:55.2,55.22 1 0
w-gift-server/internal/app/services/admin_user_svc.go:55.22,57.3 1 0
w-gift-server/internal/app/services/admin_user_svc.go:58.2,61.89 3 0
w-gift-server/internal/app/services/admin_user_svc.go:64.72,66.2 1 0
w-gift-server/internal/app/services/admin_user_svc.go:68.64,69.57 1 0
w-gift-server/internal/app/services/admin_user_svc.go:69.57,71.3 1 0
w-gift-server/internal/app/services/admin_user_svc.go:72.2,72.63 1 0
w-gift-server/internal/app/services/admin_user_svc.go:72.63,74.3 1 0
w-gift-server/internal/app/services/admin_user_svc.go:76.2,78.15 3 0
w-gift-server/internal/app/services/admin_user_svc.go:78.15,80.3 1 0
w-gift-server/internal/app/services/admin_user_svc.go:82.2,83.16 2 0
w-gift-server/internal/app/services/admin_user_svc.go:83.16,85.3 1 0
w-gift-server/internal/app/services/admin_user_svc.go:86.2,87.21 2 0
w-gift-server/internal/app/services/admin_user_svc.go:87.21,89.3 1 0
w-gift-server/internal/app/services/admin_user_svc.go:90.2,90.55 1 0
w-gift-server/internal/app/services/admin_user_svc.go:90.55,92.3 1 0
w-gift-server/internal/app/services/admin_user_svc.go:93.2,93.32 1 0
w-gift-server/internal/app/services/admin_user_svc.go:98.77,100.39 1 0
w-gift-server/internal/app/services/admin_user_svc.go:100.39,103.16 3 0
w-gift-server/internal/app/services/admin_user_svc.go:103.16,105.4 1 0
w-gift-server/internal/app/services/admin_user_svc.go:107.2,107.78 1 0
w-gift-server/internal/app/services/admin_user_svc.go:110.53,113.23 3 0
w-gift-server/internal/app/services/admin_user_svc.go:113.23,115.3 1 0
w-gift-server/internal/app/services/admin_user_svc.go:117.2,119.22 3 0
w-gift-server/internal/app/services/admin_user_svc.go:119.22,121.3 1 0
w-gift-server/internal/app/services/admin_user_svc.go:123.2,127.21 3 0
w-gift-server/internal/app/services/admin_user_svc.go:127.21,129.3 1 0
w-gift-server/internal/app/services/admin_user_svc.go:131.2,131.50 1 0
w-gift-server/internal/app/services/admin_user_svc.go:131.50,132.89 1 0
w-gift-server/internal/app/services/admin_user_svc.go:132.89,134.4 1 0
w-gift-server/internal/app/services/admin_user_svc.go:135.3,135.45 1 0
w-gift-server/internal/app/services/admin_user_svc.go:139.90,144.2 1 0
w-gift-server/internal/app/services/admin_user_svc.go:146.70,148.25 2 0
w-gift-server/internal/app/services/admin_user_svc.go:148.25,150.3 1 0
w-gift-server/internal/app/services/admin_user_svc.go:151.2,151.30 1 0
w-gift-server/internal/app/services/admin_user_svc.go:151.30,153.3 1 0
w-gift-server/internal/app/services/admin_user_svc.go:154.2,154.12 1 0
w-gift-server/internal/app/services/admin_user_svc.go:157.82,160.16 2 0
w-gift-server/internal/app/services/admin_user_svc.go:160.16,162.3 1 0
w-gift-server/internal/app/services/admin_user_svc.go:163.2,163.96 1 0
w-gift-server/internal/app/services/admin_user_svc.go:167.83,169.30 2 0
w-gift-server/internal/app/services/admin_user_svc.go:169.30,171.3 1 0
w-gift-server/internal/app/services/admin_user_svc.go:172.2,172.21 1 0
w-gift-server/internal/app/services/admin_user_svc.go:176.53,181.30 2 0
w-gift-server/internal/app/services/admin_user_svc.go:181.30,183.3 1 0
w-gift-server/internal/app/services/admin_user_svc.go:184.2,184.21 1 0
w-gift-server/internal/app/services/admin_user_svc.go:188.73,190.23 2 0
w-gift-server/internal/app/services/admin_user_svc.go:190.23,192.3 1 0
w-gift-server/internal/app/services/admin_user_svc.go:193.2,194.16 2 0
w-gift-server/internal/app/services/admin_user_svc.go:194.16,196.3 1 0
w-gift-server/internal/app/services/admin_user_svc.go:197.2,198.30 2 0
w-gift-server/internal/app/services/admin_user_svc.go:198.30,200.3 1 0
w-gift-server/internal/app/services/admin_user_svc.go:201.2,201.21 1 0
w-gift-server/internal/app/services/admin_user_svc.go:206.75,209.71 2 0
w-gift-server/internal/app/services/admin_user_svc.go:209.71,211.3 1 0
w-gift-server/internal/app/services/admin_user_svc.go:212.2,212.28 1 0
w-gift-server/internal/app/services/admin_user_svc.go:212.28,214.3 1 0
w-gift-server/internal/app/services/admin_user_svc.go:216.2,216.17 1 0
w-gift-server/internal/app/services/admin_user_svc.go:216.17,217.31 1 0
w-gift-server/internal/app/services/admin_user_svc.go:217.31,219.4 1 0
w-gift-server/internal/app/services/admin_user_svc.go:220.3,221.92 2 0
w-gift-server/internal/app/services/admin_user_svc.go:224.2,224.91 1 0
w-gift-server/internal/app/services/admin_user_svc.go:228.80,230.71 2 0
w-gift-server/internal/app/services/admin_user_svc.go:230.71,232.3 1 0
w-gift-server/internal/app/services/admin_user_svc.go:233.2,233.28 1 0
w-gift-server/internal/app/services/admin_user_svc.go:233.28,235.3 1 0
w-gift-server/internal/app/services/admin_user_svc.go:237.2,237.42 1 0
w-gift-server/internal/app/services/admin_user_svc.go:237.42,239.25 2 0
w-gift-server/internal/app/services/admin_user_svc.go:239.25,241.4 1 0
w-gift-server/internal/app/services/admin_user_svc.go:243.2,243.98 1 0
w-gift-server/internal/app/services/admin_user_svc.go:247.79,249.71 2 0
w-gift-server/internal/app/services/admin_user_svc.go:249.71,251.3 1 0
w-gift-server/internal/app/services/admin_user_svc.go:252.2,252.28 1 0
w-gift-server/internal/app/services/admin_user_svc.go:252.28,254.3 1 0
w-gift-server/internal/app/services/admin_user_svc.go:256.2,256.48 1 0
w-gift-server/internal/app/services/admin_user_svc.go:256.48,258.3 1 0
w-gift-server/internal/app/services/admin_user_svc.go:259.2,259.100 1 0
w-gift-server/internal/app/services/admin_user_svc.go:263.104,267.2 3 0
w-gift-server/internal/app/services/admin_user_svc.go:270.64,271.100 1 0
w-gift-server/internal/app/services/admin_user_svc.go:271.100,273.3 1 0
w-gift-server/internal/app/services/admin_user_svc.go:274.2,275.12 2 0
w-gift-server/internal/app/services/admin_user_svc.go:279.75,282.65 2 0
w-gift-server/internal/app/services/admin_user_svc.go:282.65,284.3 1 0
w-gift-server/internal/app/services/admin_user_svc.go:287.2,318.39 8 0
w-gift-server/internal/app/services/admin_user_svc.go:318.39,320.3 1 0
w-gift-server/internal/app/services/admin_user_svc.go:323.2,331.30 6 0
w-gift-server/internal/app/services/admin_user_svc.go:331.30,333.3 1 0
w-gift-server/internal/app/services/admin_user_svc.go:334.2,335.32 2 0
w-gift-server/internal/app/services/admin_user_svc.go:335.32,337.3 1 0
w-gift-server/internal/app/services/admin_user_svc.go:339.2,348.8 1 0
w-gift-server/internal/app/services/admin_voucher_svc.go:22.85,28.2 1 0
w-gift-server/internal/app/services/admin_voucher_svc.go:30.87,31.24 1 0
w-gift-server/internal/app/services/admin_voucher_svc.go:31.24,33.3 1 0
w-gift-server/internal/app/services/admin_voucher_svc.go:35.2,36.26 2 0
w-gift-server/internal/app/services/admin_voucher_svc.go:36.26,37.32 1 0
w-gift-server/internal/app/services/admin_voucher_svc.go:37.32,39.4 1 0
w-gift-server/internal/app/services/admin_voucher_svc.go:40.3,40.33 1 0
w-gift-server/internal/app/services/admin_voucher_svc.go:40.33,42.4 1 0
w-gift-server/internal/app/services/admin_voucher_svc.go:44.3,46.19 2 0
w-gift-server/internal/app/services/admin_voucher_svc.go:46.19,48.4 1 0
w-gift-server/internal/app/services/admin_voucher_svc.go:49.3,52.17 3 0
w-gift-server/internal/app/services/admin_voucher_svc.go:52.17,54.4 1 0
w-gift-server/internal/app/services/admin_voucher_svc.go:56.3,59.31 4 0
w-gift-server/internal/app/services/admin_voucher_svc.go:63.2,64.29 2 0
w-gift-server/internal/app/services/admin_voucher_svc.go:64.29,66.3 1 0
w-gift-server/internal/app/services/admin_voucher_svc.go:67.2,67.30 1 0
w-gift-server/internal/app/services/admin_voucher_svc.go:67.30,69.82 2 0
w-gift-server/internal/app/services/admin_voucher_svc.go:69.82,71.4 1 0
w-gift-server/internal/app/services/admin_voucher_svc.go:72.3,72.24 1 0
w-gift-server/internal/app/services/admin_voucher_svc.go:72.24,74.4 1 0
w-gift-server/internal/app/services/admin_voucher_svc.go:77.2,78.24 2 0
w-gift-server/internal/app/services/admin_voucher_svc.go:78.24,80.3 1 0
w-gift-server/internal/app/services/admin_voucher_svc.go:81.2,83.23 3 0
w-gift-server/internal/app/services/admin_voucher_svc.go:83.23,85.3 1 0
w-gift-server/internal/app/services/admin_voucher_svc.go:88.2,88.50 1 0
w-gift-server/internal/app/services/admin_voucher_svc.go:88.50,90.3 1 0
w-gift-server/internal/app/services/admin_voucher_svc.go:93.165,95.18 2 0
w-gift-server/internal/app/services/admin_voucher_svc.go:95.18,97.3 1 0
w-gift-server/internal/app/services/admin_voucher_svc.go:98.2,98.19 1 0
w-gift-server/internal/app/services/admin_voucher_svc.go:98.19,100.3 1 0
w-gift-server/internal/app/services/admin_voucher_svc.go:101.2,102.16 2 0
w-gift-server/internal/app/services/admin_voucher_svc.go:102.16,104.3 1 0
w-gift-server/internal/app/services/admin_voucher_svc.go:106.2,106.30 1 0
w-gift-server/internal/app/services/admin_voucher_svc.go:106.30,107.36 1 0
w-gift-server/internal/app/services/admin_voucher_svc.go:107.36,109.4 1 0
w-gift-server/internal/app/services/admin_voucher_svc.go:111.2,111.20 1 0
w-gift-server/internal/app/services/admin_voucher_svc.go:114.85,116.2 1 0
w-gift-server/internal/app/services/admin_voucher_svc.go:118.80,119.50 1 0
w-gift-server/internal/app/services/admin_voucher_svc.go:119.50,121.73 2 0
w-gift-server/internal/app/services/admin_voucher_svc.go:121.73,123.4 1 0
w-gift-server/internal/app/services/admin_voucher_svc.go:124.3,124.85 1 0
w-gift-server/internal/app/services/admin_voucher_svc.go:124.85,126.4 1 0
w-gift-server/internal/app/services/admin_voucher_svc.go:128.2,128.82 1 0
w-gift-server/internal/app/services/admin_voucher_svc.go:131.59,133.72 2 0
w-gift-server/internal/app/services/admin_voucher_svc.go:133.72,135.3 1 0
w-gift-server/internal/app/services/admin_voucher_svc.go:136.2,136.46 1 0
w-gift-server/internal/app/services/admin_voucher_svc.go:136.46,138.3 1 0
w-gift-server/internal/app/services/admin_voucher_svc.go:139.2,139.33 1 0
w-gift-server/internal/app/services/admin_voucher_svc.go:142.84,151.32 3 0
w-gift-server/internal/app/services/admin_voucher_svc.go:151.32,153.3 1 0
w-gift-server/internal/app/services/admin_voucher_svc.go:154.2,158.8 1 0
w-gift-server/internal/app/services/admin_voucher_svc.go:162.91,171.2 5 0
w-gift-server/internal/app/services/admin_voucher_svc.go:173.79,188.2 3 0
w-gift-server/internal/app/services/auth_service.go:38.91,46.2 1 1
w-gift-server/internal/app/services/auth_service.go:49.40,51.2 1 0
w-gift-server/internal/app/services/auth_service.go:73.52,75.22 2 1
w-gift-server/internal/app/services/auth_service.go:75.22,77.3 1 0
w-gift-server/internal/app/services/auth_service.go:78.2,79.23 2 1
w-gift-server/internal/app/services/auth_service.go:79.23,81.3 1 0
w-gift-server/internal/app/services/auth_service.go:82.2,96.3 1 1
w-gift-server/internal/app/services/auth_service.go:115.103,117.16 2 1
w-gift-server/internal/app/services/auth_service.go:117.16,119.3 1 0
w-gift-server/internal/app/services/auth_service.go:122.2,122.21 1 1
w-gift-server/internal/app/services/auth_service.go:122.21,124.3 1 0
w-gift-server/internal/app/services/auth_service.go:127.2,127.56 1 1
w-gift-server/internal/app/services/auth_service.go:127.56,130.70 2 1
w-gift-server/internal/app/services/auth_service.go:130.70,132.4 1 0
w-gift-server/internal/app/services/auth_service.go:133.3,133.102 1 1
w-gift-server/internal/app/services/auth_service.go:138.2,138.21 1 1
w-gift-server/internal/app/services/auth_service.go:138.21,140.17 2 0
w-gift-server/internal/app/services/auth_service.go:140.17,142.4 1 0
w-gift-server/internal/app/services/auth_service.go:144.3,151.13 2 0
w-gift-server/internal/app/services/auth_service.go:155.2,155.55 1 1
w-gift-server/internal/app/services/auth_service.go:161.62,163.85 2 0
w-gift-server/internal/app/services/auth_service.go:163.85,165.3 1 0
w-gift-server/internal/app/services/auth_service.go:166.2,166.12 1 0
w-gift-server/internal/app/services/auth_service.go:166.12,169.3 2 0
w-gift-server/internal/app/services/auth_service.go:170.2,170.12 1 0
w-gift-server/internal/app/services/auth_service.go:174.120,177.16 2 0
w-gift-server/internal/app/services/auth_service.go:177.16,179.3 1 0
w-gift-server/internal/app/services/auth_service.go:180.2,180.29 1 0
w-gift-server/internal/app/services/auth_service.go:180.29,182.3 1 0
w-gift-server/internal/app/services/auth_service.go:185.2,185.73 1 0
w-gift-server/internal/app/services/auth_service.go:185.73,187.3 1 0
w-gift-server/internal/app/services/auth_service.go:190.2,190.52 1 0
w-gift-server/internal/app/services/auth_service.go:190.52,192.3 1 0
w-gift-server/internal/app/services/auth_service.go:194.2,195.16 2 0
w-gift-server/internal/app/services/auth_service.go:195.16,197.3 1 0
w-gift-server/internal/app/services/auth_service.go:199.2,199.55 1 0
w-gift-server/internal/app/services/auth_service.go:204.120,207.16 2 1
w-gift-server/internal/app/services/auth_service.go:207.16,209.3 1 0
w-gift-server/internal/app/services/auth_service.go:212.2,213.65 2 1
w-gift-server/internal/app/services/auth_service.go:213.65,215.3 1 0
w-gift-server/internal/app/services/auth_service.go:216.2,230.57 6 1
w-gift-server/internal/app/services/auth_service.go:230.57,232.3 1 0
w-gift-server/internal/app/services/auth_service.go:235.2,240.42 4 1
w-gift-server/internal/app/services/auth_service.go:240.42,247.27 3 0
w-gift-server/internal/app/services/auth_service.go:247.27,249.4 1 0
w-gift-server/internal/app/services/auth_service.go:253.2,269.25 5 1
w-gift-server/internal/app/services/auth_service.go:273.57,274.57 1 1
w-gift-server/internal/app/services/auth_service.go:274.57,276.3 1 0
w-gift-server/internal/app/services/auth_service.go:277.2,277.63 1 1
w-gift-server/internal/app/services/auth_service.go:277.63,279.3 1 0
w-gift-server/internal/app/services/auth_service.go:281.2,282.16 2 1
w-gift-server/internal/app/services/auth_service.go:282.16,284.3 1 0
w-gift-server/internal/app/services/auth_service.go:285.2,289.32 4 1
w-gift-server/internal/app/services/auth_service.go:293.65,295.2 1 0
w-gift-server/internal/app/services/auth_service.go:298.69,300.16 2 0
w-gift-server/internal/app/services/auth_service.go:300.16,302.3 1 0
w-gift-server/internal/app/services/auth_service.go:303.2,304.19 2 0
w-gift-server/internal/app/services/auth_service.go:309.92,317.50 5 0
w-gift-server/internal/app/services/auth_service.go:317.50,321.75 2 0
w-gift-server/internal/app/services/auth_service.go:321.75,323.4 1 0
w-gift-server/internal/app/services/auth_service.go:325.3,325.47 1 0
w-gift-server/internal/app/services/auth_service.go:325.47,328.4 2 0
w-gift-server/internal/app/services/auth_service.go:330.3,331.17 2 0
w-gift-server/internal/app/services/auth_service.go:331.17,333.4 1 0
w-gift-server/internal/app/services/auth_service.go:335.3,336.17 2 0
w-gift-server/internal/app/services/auth_service.go:336.17,338.4 1 0
w-gift-server/internal/app/services/auth_service.go:341.3,342.66 2 0
w-gift-server/internal/app/services/auth_service.go:342.66,344.4 1 0
w-gift-server/internal/app/services/auth_service.go:345.3,349.53 4 0
w-gift-server/internal/app/services/auth_service.go:349.53,351.4 1 0
w-gift-server/internal/app/services/auth_service.go:353.3,354.13 2 0
w-gift-server/internal/app/services/auth_service.go:356.2,356.16 1 0
w-gift-server/internal/app/services/auth_service.go:356.16,358.3 1 0
w-gift-server/internal/app/services/auth_service.go:360.2,363.28 1 0
w-gift-server/internal/app/services/auth_service.go:367.60,370.16 3 0
w-gift-server/internal/app/services/auth_service.go:370.16,372.3 1 0
w-gift-server/internal/app/services/auth_service.go:373.2,373.43 1 0
w-gift-server/internal/app/services/auth_service.go:377.89,379.16 2 0
w-gift-server/internal/app/services/auth_service.go:379.16,381.3 1 0
w-gift-server/internal/app/services/auth_service.go:383.2,383.59 1 0
w-gift-server/internal/app/services/auth_service.go:383.59,385.3 1 0
w-gift-server/internal/app/services/auth_service.go:387.2,387.61 1 0
w-gift-server/internal/app/services/auth_service.go:387.61,389.3 1 0
w-gift-server/internal/app/services/auth_service.go:391.2,392.16 2 0
w-gift-server/internal/app/services/auth_service.go:392.16,394.3 1 0
w-gift-server/internal/app/services/auth_service.go:396.2,397.56 2 0
w-gift-server/internal/app/services/auth_service.go:397.56,399.3 1 0
w-gift-server/internal/app/services/auth_service.go:402.2,403.12 2 0
w-gift-server/internal/app/services/auth_service.go:407.68,409.16 2 0
w-gift-server/internal/app/services/auth_service.go:409.16,411.3 1 0
w-gift-server/internal/app/services/auth_service.go:413.2,414.50 2 0
w-gift-server/internal/app/services/auth_service.go:414.50,416.3 1 0
w-gift-server/internal/app/services/auth_service.go:417.2,425.23 4 0
w-gift-server/internal/app/services/auth_service.go:425.23,427.3 1 0
w-gift-server/internal/app/services/auth_service.go:429.2,429.19 1 0
w-gift-server/internal/app/services/auth_service.go:434.96,442.28 3 0
w-gift-server/internal/app/services/auth_service.go:442.28,443.32 1 0
w-gift-server/internal/app/services/auth_service.go:443.32,445.4 1 0
w-gift-server/internal/app/services/auth_service.go:448.2,448.25 1 0
w-gift-server/internal/app/services/auth_service.go:448.25,450.3 1 0
w-gift-server/internal/app/services/auth_service.go:453.2,453.44 1 0
w-gift-server/internal/app/services/auth_service.go:453.44,455.56 2 0
w-gift-server/internal/app/services/auth_service.go:455.56,457.4 1 0
w-gift-server/internal/app/services/auth_service.go:461.2,461.41 1 0
w-gift-server/internal/app/services/auth_service.go:461.41,464.17 3 0
w-gift-server/internal/app/services/auth_service.go:464.17,466.4 1 0
w-gift-server/internal/app/services/auth_service.go:468.2,468.41 1 0
w-gift-server/internal/app/services/auth_service.go:468.41,471.17 3 0
w-gift-server/internal/app/services/auth_service.go:471.17,473.4 1 0
w-gift-server/internal/app/services/auth_service.go:477.2,479.34 3 0
w-gift-server/internal/app/services/auth_service.go:479.34,481.56 2 0
w-gift-server/internal/app/services/auth_service.go:481.56,483.4 1 0
w-gift-server/internal/app/services/auth_service.go:486.2,486.100 1 0
w-gift-server/internal/app/services/auth_service.go:486.100,488.3 1 0
w-gift-server/internal/app/services/auth_service.go:489.2,489.33 1 0
w-gift-server/internal/app/services/auth_service.go:494.116,496.16 2 0
w-gift-server/internal/app/services/auth_service.go:496.16,498.3 1 0
w-gift-server/internal/app/services/auth_service.go:499.2,499.55 1 0
w-gift-server/internal/app/services/auth_service.go:503.62,505.16 2 0
w-gift-server/internal/app/services/auth_service.go:505.16,507.3 1 0
w-gift-server/internal/app/services/auth_service.go:508.2,508.29 1 0
w-gift-server/internal/app/services/auth_service.go:512.82,514.2 1 0
w-gift-server/internal/app/services/auth_service.go:517.73,519.2 1 0
w-gift-server/internal/app/services/auth_service.go:522.69,524.2 1 0
w-gift-server/internal/app/services/auth_service.go:527.63,531.2 3 0
w-gift-server/internal/app/services/auth_service.go:534.78,540.16 3 0
w-gift-server/internal/app/services/auth_service.go:540.16,542.3 1 0
w-gift-server/internal/app/services/auth_service.go:543.2,543.22 1 0
w-gift-server/internal/app/services/auth_service.go:547.82,551.2 1 0
w-gift-server/internal/app/services/auth_service.go:554.70,558.25 2 0
w-gift-server/internal/app/services/auth_service.go:558.25,560.3 1 0
w-gift-server/internal/app/services/auth_service.go:561.2,561.30 1 0
w-gift-server/internal/app/services/auth_service.go:561.30,563.3 1 0
w-gift-server/internal/app/services/auth_service.go:564.2,564.12 1 0
w-gift-server/internal/app/services/auth_service.go:569.77,575.16 3 0
w-gift-server/internal/app/services/auth_service.go:575.16,577.3 1 0
w-gift-server/internal/app/services/auth_service.go:579.2,579.84 1 0
w-gift-server/internal/app/services/auth_service.go:579.84,585.3 2 0
w-gift-server/internal/app/services/auth_service.go:587.2,587.61 1 0
w-gift-server/internal/app/services/auth_service.go:587.61,589.3 1 0
w-gift-server/internal/app/services/auth_service.go:591.2,592.16 2 0
w-gift-server/internal/app/services/auth_service.go:592.16,594.3 1 0
w-gift-server/internal/app/services/auth_service.go:596.2,596.50 1 0
w-gift-server/internal/app/services/auth_service.go:596.50,601.24 1 0
w-gift-server/internal/app/services/auth_service.go:601.24,603.4 1 0
w-gift-server/internal/app/services/auth_service.go:605.3,605.94 1 0
w-gift-server/internal/app/services/auth_service.go:605.94,607.4 1 0
w-gift-server/internal/app/services/auth_service.go:608.3,608.13 1 0
w-gift-server/internal/app/services/brand_service.go:26.49,30.2 1 0
w-gift-server/internal/app/services/brand_service.go:33.120,35.2 1 0
w-gift-server/internal/app/services/brand_service.go:38.75,40.2 1 0
w-gift-server/internal/app/services/business_inquiry_svc.go:51.113,58.2 1 0
w-gift-server/internal/app/services/business_inquiry_svc.go:62.80,63.44 1 0
w-gift-server/internal/app/services/business_inquiry_svc.go:63.44,65.3 1 0
w-gift-server/internal/app/services/business_inquiry_svc.go:67.2,68.47 2 0
w-gift-server/internal/app/services/business_inquiry_svc.go:68.47,70.3 1 0
w-gift-server/internal/app/services/business_inquiry_svc.go:73.2,73.12 1 0
w-gift-server/internal/app/services/business_inquiry_svc.go:73.12,74.46 1 0
w-gift-server/internal/app/services/business_inquiry_svc.go:74.46,76.4 1 0
w-gift-server/internal/app/services/business_inquiry_svc.go:77.3,89.17 2 0
w-gift-server/internal/app/services/business_inquiry_svc.go:89.17,94.4 1 0
w-gift-server/internal/app/services/business_inquiry_svc.go:97.2,97.12 1 0
w-gift-server/internal/app/services/business_inquiry_svc.go:101.134,103.2 1 0
w-gift-server/internal/app/services/business_inquiry_svc.go:106.83,108.16 2 0
w-gift-server/internal/app/services/business_inquiry_svc.go:108.16,110.3 1 0
w-gift-server/internal/app/services/business_inquiry_svc.go:111.2,111.21 1 0
w-gift-server/internal/app/services/business_inquiry_svc.go:115.76,116.35 1 0
w-gift-server/internal/app/services/business_inquiry_svc.go:116.35,118.3 1 0
w-gift-server/internal/app/services/business_inquiry_svc.go:119.2,120.25 2 0
w-gift-server/internal/app/services/business_inquiry_svc.go:120.25,122.3 1 0
w-gift-server/internal/app/services/business_inquiry_svc.go:123.2,123.30 1 0
w-gift-server/internal/app/services/business_inquiry_svc.go:123.30,125.3 1 0
w-gift-server/internal/app/services/business_inquiry_svc.go:126.2,126.12 1 0
w-gift-server/internal/app/services/business_inquiry_svc.go:130.55,132.25 2 0
w-gift-server/internal/app/services/business_inquiry_svc.go:132.25,134.3 1 0
w-gift-server/internal/app/services/business_inquiry_svc.go:135.2,135.30 1 0
w-gift-server/internal/app/services/business_inquiry_svc.go:135.30,137.3 1 0
w-gift-server/internal/app/services/business_inquiry_svc.go:138.2,138.12 1 0
w-gift-server/internal/app/services/business_inquiry_svc.go:142.82,145.31 2 0
w-gift-server/internal/app/services/business_inquiry_svc.go:145.31,147.3 1 0
w-gift-server/internal/app/services/business_inquiry_svc.go:148.2,148.36 1 0
w-gift-server/internal/app/services/business_inquiry_svc.go:148.36,150.3 1 0
w-gift-server/internal/app/services/business_inquiry_svc.go:153.2,154.62 2 0
w-gift-server/internal/app/services/business_inquiry_svc.go:154.62,156.3 1 0
w-gift-server/internal/app/services/business_inquiry_svc.go:159.2,160.68 2 0
w-gift-server/internal/app/services/business_inquiry_svc.go:160.68,162.3 1 0
w-gift-server/internal/app/services/business_inquiry_svc.go:163.2,163.76 1 0
w-gift-server/internal/app/services/business_inquiry_svc.go:163.76,165.3 1 0
w-gift-server/internal/app/services/business_inquiry_svc.go:168.2,169.27 2 0
w-gift-server/internal/app/services/business_inquiry_svc.go:169.27,171.3 1 0
w-gift-server/internal/app/services/business_inquiry_svc.go:172.2,172.31 1 0
w-gift-server/internal/app/services/business_inquiry_svc.go:172.31,174.3 1 0
w-gift-server/internal/app/services/business_inquiry_svc.go:176.2,177.31 2 0
w-gift-server/internal/app/services/business_inquiry_svc.go:177.31,179.3 1 0
w-gift-server/internal/app/services/business_inquiry_svc.go:180.2,180.35 1 0
w-gift-server/internal/app/services/business_inquiry_svc.go:180.35,182.3 1 0
w-gift-server/internal/app/services/business_inquiry_svc.go:184.2,185.25 2 0
w-gift-server/internal/app/services/business_inquiry_svc.go:185.25,187.3 1 0
w-gift-server/internal/app/services/business_inquiry_svc.go:188.2,188.60 1 0
w-gift-server/internal/app/services/business_inquiry_svc.go:188.60,190.3 1 0
w-gift-server/internal/app/services/business_inquiry_svc.go:192.2,193.25 2 0
w-gift-server/internal/app/services/business_inquiry_svc.go:193.25,195.3 1 0
w-gift-server/internal/app/services/business_inquiry_svc.go:197.2,197.47 1 0
w-gift-server/internal/app/services/business_inquiry_svc.go:197.47,199.3 1 0
w-gift-server/internal/app/services/business_inquiry_svc.go:201.2,202.27 2 0
w-gift-server/internal/app/services/business_inquiry_svc.go:202.27,204.3 1 0
w-gift-server/internal/app/services/business_inquiry_svc.go:205.2,206.17 2 0
w-gift-server/internal/app/services/business_inquiry_svc.go:206.17,208.3 1 0
w-gift-server/internal/app/services/business_inquiry_svc.go:209.2,209.18 1 0
w-gift-server/internal/app/services/business_inquiry_svc.go:209.18,211.3 1 0
w-gift-server/internal/app/services/business_inquiry_svc.go:213.2,213.12 1 0
w-gift-server/internal/app/services/cart_service.go:24.78,30.2 1 0
w-gift-server/internal/app/services/cart_service.go:46.66,49.16 3 0
w-gift-server/internal/app/services/cart_service.go:49.16,51.3 1 0
w-gift-server/internal/app/services/cart_service.go:54.2,55.29 2 0
w-gift-server/internal/app/services/cart_service.go:55.29,57.3 1 0
w-gift-server/internal/app/services/cart_service.go:58.2,59.25 2 0
w-gift-server/internal/app/services/cart_service.go:59.25,71.53 3 0
w-gift-server/internal/app/services/cart_service.go:71.53,73.4 1 0
w-gift-server/internal/app/services/cart_service.go:74.3,74.26 1 0
w-gift-server/internal/app/services/cart_service.go:74.26,76.4 1 0
w-gift-server/internal/app/services/cart_service.go:79.2,82.29 4 0
w-gift-server/internal/app/services/cart_service.go:82.29,89.3 3 0
w-gift-server/internal/app/services/cart_service.go:91.2,95.8 1 0
w-gift-server/internal/app/services/cart_service.go:118.70,120.56 2 0
w-gift-server/internal/app/services/cart_service.go:120.56,122.3 1 0
w-gift-server/internal/app/services/cart_service.go:124.2,125.16 2 0
w-gift-server/internal/app/services/cart_service.go:125.16,127.3 1 0
w-gift-server/internal/app/services/cart_service.go:128.2,129.21 2 0
w-gift-server/internal/app/services/cart_service.go:129.21,131.3 1 0
w-gift-server/internal/app/services/cart_service.go:134.2,135.34 2 0
w-gift-server/internal/app/services/cart_service.go:135.34,137.3 1 0
w-gift-server/internal/app/services/cart_service.go:140.2,141.35 2 0
w-gift-server/internal/app/services/cart_service.go:141.35,143.3 1 0
w-gift-server/internal/app/services/cart_service.go:146.2,163.17 13 0
w-gift-server/internal/app/services/cart_service.go:167.78,169.101 2 0
w-gift-server/internal/app/services/cart_service.go:169.101,171.3 1 0
w-gift-server/internal/app/services/cart_service.go:173.2,176.44 3 0
w-gift-server/internal/app/services/cart_service.go:176.44,182.3 1 0
w-gift-server/internal/app/services/cart_service.go:184.2,184.75 1 0
w-gift-server/internal/app/services/cart_service.go:189.85,191.18 1 0
w-gift-server/internal/app/services/cart_service.go:191.18,193.3 1 0
w-gift-server/internal/app/services/cart_service.go:196.2,199.34 2 0
w-gift-server/internal/app/services/cart_service.go:199.34,201.3 1 0
w-gift-server/internal/app/services/cart_service.go:204.2,204.79 1 0
w-gift-server/internal/app/services/cart_service.go:204.79,206.3 1 0
w-gift-server/internal/app/services/cart_service.go:208.2,208.61 1 0
w-gift-server/internal/app/services/cart_service.go:212.67,214.2 1 0
w-gift-server/internal/app/services/cart_service.go:217.85,220.2 2 0
w-gift-server/internal/app/services/cart_service.go:223.51,225.2 1 0
w-gift-server/internal/app/services/cash_receipt_service.go:46.118,52.2 1 1
w-gift-server/internal/app/services/cash_receipt_service.go:66.43,68.2 1 1
w-gift-server/internal/app/services/cash_receipt_service.go:72.51,76.2 3 1
w-gift-server/internal/app/services/cash_receipt_service.go:80.46,81.19 1 1
w-gift-server/internal/app/services/cash_receipt_service.go:82.18,83.28 1 1
w-gift-server/internal/app/services/cash_receipt_service.go:84.18,85.25 1 0
w-gift-server/internal/app/services/cash_receipt_service.go:86.10,87.28 1 0
w-gift-server/internal/app/services/cash_receipt_service.go:92.47,93.36 1 1
w-gift-server/internal/app/services/cash_receipt_service.go:93.36,95.3 1 0
w-gift-server/internal/app/services/cash_receipt_service.go:96.2,96.26 1 1
w-gift-server/internal/app/services/cash_receipt_service.go:101.46,102.22 1 1
w-gift-server/internal/app/services/cash_receipt_service.go:103.15,104.14 1 1
w-gift-server/internal/app/services/cash_receipt_service.go:105.21,106.14 1 1
w-gift-server/internal/app/services/cash_receipt_service.go:107.17,108.14 1 1
w-gift-server/internal/app/services/cash_receipt_service.go:109.10,110.14 1 1
w-gift-server/internal/app/services/cash_receipt_service.go:116.38,118.12 2 1
w-gift-server/internal/app/services/cash_receipt_service.go:118.12,120.3 1 1
w-gift-server/internal/app/services/cash_receipt_service.go:121.2,121.12 1 1
w-gift-server/internal/app/services/cash_receipt_service.go:121.12,123.3 1 1
w-gift-server/internal/app/services/cash_receipt_service.go:124.2,124.55 1 1
w-gift-server/internal/app/services/cash_receipt_service.go:129.74,132.2 2 1
w-gift-server/internal/app/services/cash_receipt_service.go:135.61,139.2 3 1
w-gift-server/internal/app/services/cash_receipt_service.go:146.59,148.58 2 1
w-gift-server/internal/app/services/cash_receipt_service.go:148.58,151.3 2 0
w-gift-server/internal/app/services/cash_receipt_service.go:154.2,154.75 1 1
w-gift-server/internal/app/services/cash_receipt_service.go:154.75,156.3 1 1
w-gift-server/internal/app/services/cash_receipt_service.go:158.2,167.68 7 1
w-gift-server/internal/app/services/cash_receipt_service.go:167.68,173.3 4 1
w-gift-server/internal/app/services/cash_receipt_service.go:173.8,179.3 4 1
w-gift-server/internal/app/services/cash_receipt_service.go:181.2,185.19 3 1
w-gift-server/internal/app/services/cash_receipt_service.go:185.19,188.3 2 0
w-gift-server/internal/app/services/cash_receipt_service.go:190.2,205.51 2 1
w-gift-server/internal/app/services/cash_receipt_service.go:205.51,208.3 2 0
w-gift-server/internal/app/services/cash_receipt_service.go:211.2,224.33 3 1
w-gift-server/internal/app/services/cash_receipt_service.go:224.33,226.17 2 0
w-gift-server/internal/app/services/cash_receipt_service.go:226.17,228.4 1 0
w-gift-server/internal/app/services/cash_receipt_service.go:229.3,235.13 3 0
w-gift-server/internal/app/services/cash_receipt_service.go:238.2,245.12 2 1
w-gift-server/internal/app/services/cash_receipt_service.go:251.123,253.64 2 1
w-gift-server/internal/app/services/cash_receipt_service.go:253.64,255.3 1 0
w-gift-server/internal/app/services/cash_receipt_service.go:258.2,258.28 1 1
w-gift-server/internal/app/services/cash_receipt_service.go:258.28,260.3 1 1
w-gift-server/internal/app/services/cash_receipt_service.go:263.2,263.75 1 1
w-gift-server/internal/app/services/cash_receipt_service.go:263.75,265.3 1 1
w-gift-server/internal/app/services/cash_receipt_service.go:268.2,269.34 2 1
w-gift-server/internal/app/services/cash_receipt_service.go:269.34,271.3 1 0
w-gift-server/internal/app/services/cash_receipt_service.go:274.2,274.51 1 1
w-gift-server/internal/app/services/cash_receipt_service.go:274.51,276.3 1 1
w-gift-server/internal/app/services/cash_receipt_service.go:279.2,284.16 4 1
w-gift-server/internal/app/services/cash_receipt_service.go:284.16,286.3 1 0
w-gift-server/internal/app/services/cash_receipt_service.go:287.2,289.21 2 1
w-gift-server/internal/app/services/cash_receipt_service.go:289.21,291.28 1 1
w-gift-server/internal/app/services/cash_receipt_service.go:291.28,294.106 2 1
w-gift-server/internal/app/services/cash_receipt_service.go:294.106,296.5 1 0
w-gift-server/internal/app/services/cash_receipt_service.go:297.4,310.25 7 1
w-gift-server/internal/app/services/cash_receipt_service.go:313.3,313.87 1 0
w-gift-server/internal/app/services/cash_receipt_service.go:317.2,336.51 5 0
w-gift-server/internal/app/services/cash_receipt_service.go:336.51,338.3 1 0
w-gift-server/internal/app/services/cash_receipt_service.go:340.2,352.33 2 0
w-gift-server/internal/app/services/cash_receipt_service.go:352.33,354.17 2 0
w-gift-server/internal/app/services/cash_receipt_service.go:354.17,356.4 1 0
w-gift-server/internal/app/services/cash_receipt_service.go:357.3,361.79 2 0
w-gift-server/internal/app/services/cash_receipt_service.go:364.2,376.21 7 0
w-gift-server/internal/app/services/cash_receipt_service.go:381.78,383.103 2 0
w-gift-server/internal/app/services/cash_receipt_service.go:383.103,386.3 1 0
w-gift-server/internal/app/services/cash_receipt_service.go:388.2,388.59 1 0
w-gift-server/internal/app/services/cash_receipt_service.go:388.59,392.3 2 0
w-gift-server/internal/app/services/cash_receipt_service.go:394.2,409.33 6 0
w-gift-server/internal/app/services/cash_receipt_service.go:409.33,411.17 2 0
w-gift-server/internal/app/services/cash_receipt_service.go:411.17,413.4 1 0
w-gift-server/internal/app/services/cash_receipt_service.go:414.3,416.13 2 0
w-gift-server/internal/app/services/cash_receipt_service.go:419.2,445.57 5 0
w-gift-server/internal/app/services/cash_receipt_service.go:445.57,448.3 1 0
w-gift-server/internal/app/services/cash_receipt_service.go:450.2,450.12 1 0
w-gift-server/internal/app/services/cash_receipt_service.go:456.110,461.50 4 0
w-gift-server/internal/app/services/cash_receipt_service.go:461.50,463.3 1 0
w-gift-server/internal/app/services/cash_receipt_service.go:465.2,467.16 3 0
w-gift-server/internal/app/services/cash_receipt_service.go:467.16,469.3 1 0
w-gift-server/internal/app/services/cash_receipt_service.go:471.2,471.29 1 0
w-gift-server/internal/app/services/cash_receipt_service.go:475.90,477.62 2 0
w-gift-server/internal/app/services/cash_receipt_service.go:477.62,479.3 1 0
w-gift-server/internal/app/services/cash_receipt_service.go:480.2,480.30 1 0
w-gift-server/internal/app/services/cash_receipt_service.go:480.30,482.3 1 0
w-gift-server/internal/app/services/cash_receipt_service.go:483.2,483.22 1 0
w-gift-server/internal/app/services/cash_receipt_service.go:490.52,496.29 4 0
w-gift-server/internal/app/services/cash_receipt_service.go:496.29,498.17 2 0
w-gift-server/internal/app/services/cash_receipt_service.go:498.17,502.12 3 0
w-gift-server/internal/app/services/cash_receipt_service.go:505.3,521.34 5 0
w-gift-server/internal/app/services/cash_receipt_service.go:521.34,523.18 2 0
w-gift-server/internal/app/services/cash_receipt_service.go:523.18,525.5 1 0
w-gift-server/internal/app/services/cash_receipt_service.go:526.4,532.12 3 0
w-gift-server/internal/app/services/cash_receipt_service.go:535.3,543.87 3 0
w-gift-server/internal/app/services/cash_receipt_service.go:549.52,554.29 4 0
w-gift-server/internal/app/services/cash_receipt_service.go:554.29,556.17 2 0
w-gift-server/internal/app/services/cash_receipt_service.go:556.17,559.12 2 0
w-gift-server/internal/app/services/cash_receipt_service.go:563.3,563.26 1 0
w-gift-server/internal/app/services/cash_receipt_service.go:563.26,571.4 2 0
w-gift-server/internal/app/services/cash_receipt_service.go:578.111,583.18 4 0
w-gift-server/internal/app/services/cash_receipt_service.go:583.18,585.3 1 0
w-gift-server/internal/app/services/cash_receipt_service.go:587.2,587.50 1 0
w-gift-server/internal/app/services/cash_receipt_service.go:587.50,589.3 1 0
w-gift-server/internal/app/services/cash_receipt_service.go:591.2,593.16 3 0
w-gift-server/internal/app/services/cash_receipt_service.go:593.16,595.3 1 0
w-gift-server/internal/app/services/cash_receipt_service.go:597.2,597.29 1 0
w-gift-server/internal/app/services/cash_receipt_service.go:601.80,603.88 2 0
w-gift-server/internal/app/services/cash_receipt_service.go:603.88,605.3 1 0
w-gift-server/internal/app/services/cash_receipt_service.go:606.2,606.22 1 0
w-gift-server/internal/app/services/cash_receipt_service.go:610.78,612.62 2 0
w-gift-server/internal/app/services/cash_receipt_service.go:612.62,614.3 1 0
w-gift-server/internal/app/services/cash_receipt_service.go:616.2,616.32 1 0
w-gift-server/internal/app/services/cash_receipt_service.go:616.32,618.3 1 0
w-gift-server/internal/app/services/cash_receipt_service.go:620.2,620.59 1 0
w-gift-server/internal/app/services/cash_receipt_service.go:620.59,622.3 1 0
w-gift-server/internal/app/services/cash_receipt_service.go:624.2,639.33 6 0
w-gift-server/internal/app/services/cash_receipt_service.go:639.33,641.17 2 0
w-gift-server/internal/app/services/cash_receipt_service.go:641.17,643.4 1 0
w-gift-server/internal/app/services/cash_receipt_service.go:644.3,644.74 1 0
w-gift-server/internal/app/services/cash_receipt_service.go:647.2,671.57 5 0
w-gift-server/internal/app/services/cash_receipt_service.go:671.57,673.3 1 0
w-gift-server/internal/app/services/cash_receipt_service.go:675.2,675.12 1 0
w-gift-server/internal/app/services/cash_receipt_service.go:679.64,681.62 2 0
w-gift-server/internal/app/services/cash_receipt_service.go:681.62,683.3 1 0
w-gift-server/internal/app/services/cash_receipt_service.go:685.2,685.32 1 0
w-gift-server/internal/app/services/cash_receipt_service.go:685.32,687.3 1 0
w-gift-server/internal/app/services/cash_receipt_service.go:689.2,690.16 2 0
w-gift-server/internal/app/services/cash_receipt_service.go:690.16,692.3 1 0
w-gift-server/internal/app/services/cash_receipt_service.go:694.2,710.33 5 0
w-gift-server/internal/app/services/cash_receipt_service.go:710.33,712.17 2 0
w-gift-server/internal/app/services/cash_receipt_service.go:712.17,714.4 1 0
w-gift-server/internal/app/services/cash_receipt_service.go:715.3,719.77 2 0
w-gift-server/internal/app/services/cash_receipt_service.go:722.2,731.12 3 0
w-gift-server/internal/app/services/config_cache.go:43.84,49.2 1 0
w-gift-server/internal/app/services/config_cache.go:52.82,55.74 2 0
w-gift-server/internal/app/services/config_cache.go:55.74,58.3 2 0
w-gift-server/internal/app/services/config_cache.go:59.2,63.71 3 0
w-gift-server/internal/app/services/config_cache.go:63.71,65.3 1 0
w-gift-server/internal/app/services/config_cache.go:68.2,72.18 4 0
w-gift-server/internal/app/services/config_cache.go:76.85,78.35 2 0
w-gift-server/internal/app/services/config_cache.go:78.35,80.3 1 0
w-gift-server/internal/app/services/config_cache.go:81.2,81.18 1 0
w-gift-server/internal/app/services/config_cache.go:86.87,88.35 2 0
w-gift-server/internal/app/services/config_cache.go:88.35,90.3 1 0
w-gift-server/internal/app/services/config_cache.go:91.2,91.70 1 0
w-gift-server/internal/app/services/config_cache.go:91.70,93.3 1 0
w-gift-server/internal/app/services/config_cache.go:94.2,94.19 1 0
w-gift-server/internal/app/services/config_cache.go:99.77,101.35 2 0
w-gift-server/internal/app/services/config_cache.go:101.35,103.3 1 0
w-gift-server/internal/app/services/config_cache.go:104.2,104.51 1 0
w-gift-server/internal/app/services/config_cache.go:104.51,106.3 1 0
w-gift-server/internal/app/services/config_cache.go:107.2,107.19 1 0
w-gift-server/internal/app/services/config_cache.go:111.55,115.2 3 0
w-gift-server/internal/app/services/config_cache.go:118.48,122.2 3 0
w-gift-server/internal/app/services/content_attachment_svc.go:26.96,28.2 1 0
w-gift-server/internal/app/services/content_attachment_svc.go:31.120,36.2 3 0
w-gift-server/internal/app/services/content_attachment_svc.go:39.171,40.37 1 0
w-gift-server/internal/app/services/content_attachment_svc.go:40.37,42.3 1 0
w-gift-server/internal/app/services/content_attachment_svc.go:44.2,45.48 2 0
w-gift-server/internal/app/services/content_attachment_svc.go:45.48,47.3 1 0
w-gift-server/internal/app/services/content_attachment_svc.go:50.2,51.47 2 0
w-gift-server/internal/app/services/content_attachment_svc.go:51.47,53.3 1 0
w-gift-server/internal/app/services/content_attachment_svc.go:56.2,63.46 6 0
w-gift-server/internal/app/services/content_attachment_svc.go:63.46,65.3 1 0
w-gift-server/internal/app/services/content_attachment_svc.go:68.2,69.16 2 0
w-gift-server/internal/app/services/content_attachment_svc.go:69.16,71.3 1 0
w-gift-server/internal/app/services/content_attachment_svc.go:72.2,73.46 2 0
w-gift-server/internal/app/services/content_attachment_svc.go:73.46,76.3 2 0
w-gift-server/internal/app/services/content_attachment_svc.go:78.2,87.54 2 0
w-gift-server/internal/app/services/content_attachment_svc.go:87.54,90.3 2 0
w-gift-server/internal/app/services/content_attachment_svc.go:91.2,91.24 1 0
w-gift-server/internal/app/services/content_attachment_svc.go:95.105,97.51 2 0
w-gift-server/internal/app/services/content_attachment_svc.go:97.51,99.3 1 0
w-gift-server/internal/app/services/content_attachment_svc.go:100.2,100.54 1 0
w-gift-server/internal/app/services/content_attachment_svc.go:104.57,106.51 2 0
w-gift-server/internal/app/services/content_attachment_svc.go:106.51,108.3 1 0
w-gift-server/internal/app/services/content_attachment_svc.go:109.2,110.32 2 0
w-gift-server/internal/app/services/content_service.go:32.53,40.2 1 0
w-gift-server/internal/app/services/content_service.go:47.119,49.2 1 0
w-gift-server/internal/app/services/content_service.go:52.70,54.2 1 0
w-gift-server/internal/app/services/content_service.go:58.59,61.30 2 0
w-gift-server/internal/app/services/content_service.go:61.30,63.3 1 0
w-gift-server/internal/app/services/content_service.go:64.2,64.21 1 0
w-gift-server/internal/app/services/content_service.go:68.81,73.16 4 0
w-gift-server/internal/app/services/content_service.go:74.17,75.67 1 0
w-gift-server/internal/app/services/content_service.go:76.18,77.44 1 0
w-gift-server/internal/app/services/content_service.go:78.15,79.42 1 0
w-gift-server/internal/app/services/content_service.go:82.2,83.20 2 0
w-gift-server/internal/app/services/content_service.go:88.70,94.2 4 0
w-gift-server/internal/app/services/content_service.go:101.121,103.2 1 0
w-gift-server/internal/app/services/content_service.go:106.72,108.2 1 0
w-gift-server/internal/app/services/content_service.go:112.60,115.30 2 0
w-gift-server/internal/app/services/content_service.go:115.30,117.3 1 0
w-gift-server/internal/app/services/content_service.go:118.2,118.21 1 0
w-gift-server/internal/app/services/content_service.go:122.79,127.2 3 0
w-gift-server/internal/app/services/content_service.go:134.132,136.20 2 0
w-gift-server/internal/app/services/content_service.go:136.20,138.3 1 0
w-gift-server/internal/app/services/content_service.go:139.2,139.41 1 0
w-gift-server/internal/app/services/content_service.go:143.66,145.2 1 0
w-gift-server/internal/app/services/content_service.go:148.79,151.41 3 0
w-gift-server/internal/app/services/content_service.go:151.41,153.3 1 0
w-gift-server/internal/app/services/content_service.go:154.2,155.18 2 0
w-gift-server/internal/app/services/content_service.go:159.63,163.2 3 0
w-gift-server/internal/app/services/content_service.go:166.60,168.2 1 0
w-gift-server/internal/app/services/content_service.go:175.93,176.75 1 0
w-gift-server/internal/app/services/content_service.go:176.75,178.3 1 0
w-gift-server/internal/app/services/content_service.go:179.2,186.38 2 0
w-gift-server/internal/app/services/content_service.go:190.138,192.2 1 0
w-gift-server/internal/app/services/content_service.go:195.90,197.25 2 0
w-gift-server/internal/app/services/content_service.go:197.25,199.3 1 0
w-gift-server/internal/app/services/content_service.go:200.2,200.30 1 0
w-gift-server/internal/app/services/content_service.go:200.30,202.3 1 0
w-gift-server/internal/app/services/content_service.go:203.2,203.12 1 0
w-gift-server/internal/app/services/content_service.go:207.66,209.25 2 0
w-gift-server/internal/app/services/content_service.go:209.25,211.3 1 0
w-gift-server/internal/app/services/content_service.go:212.2,212.30 1 0
w-gift-server/internal/app/services/content_service.go:212.30,214.3 1 0
w-gift-server/internal/app/services/content_service.go:215.2,215.12 1 0
w-gift-server/internal/app/services/external_service_config_svc.go:120.116,127.2 1 0
w-gift-server/internal/app/services/external_service_config_svc.go:133.72,135.37 2 0
w-gift-server/internal/app/services/external_service_config_svc.go:135.37,140.16 3 0
w-gift-server/internal/app/services/external_service_config_svc.go:140.16,141.12 1 0
w-gift-server/internal/app/services/external_service_config_svc.go:143.3,143.30 1 0
w-gift-server/internal/app/services/external_service_config_svc.go:143.30,145.33 2 0
w-gift-server/internal/app/services/external_service_config_svc.go:145.33,147.19 2 0
w-gift-server/internal/app/services/external_service_config_svc.go:147.19,153.6 2 0
w-gift-server/internal/app/services/external_service_config_svc.go:154.5,154.20 1 0
w-gift-server/internal/app/services/external_service_config_svc.go:156.4,162.49 2 0
w-gift-server/internal/app/services/external_service_config_svc.go:162.49,167.5 1 0
w-gift-server/internal/app/services/external_service_config_svc.go:169.3,169.90 1 0
w-gift-server/internal/app/services/external_service_config_svc.go:181.95,182.33 1 0
w-gift-server/internal/app/services/external_service_config_svc.go:182.33,183.8 1 0
w-gift-server/internal/app/services/external_service_config_svc.go:183.8,185.4 1 0
w-gift-server/internal/app/services/external_service_config_svc.go:186.3,186.17 1 0
w-gift-server/internal/app/services/external_service_config_svc.go:189.2,216.3 1 0
w-gift-server/internal/app/services/external_service_config_svc.go:222.81,224.33 2 0
w-gift-server/internal/app/services/external_service_config_svc.go:224.33,226.17 2 0
w-gift-server/internal/app/services/external_service_config_svc.go:226.17,230.12 3 0
w-gift-server/internal/app/services/external_service_config_svc.go:232.3,232.33 1 0
w-gift-server/internal/app/services/external_service_config_svc.go:234.2,234.15 1 0
w-gift-server/internal/app/services/external_service_config_svc.go:238.105,240.9 2 0
w-gift-server/internal/app/services/external_service_config_svc.go:240.9,242.3 1 0
w-gift-server/internal/app/services/external_service_config_svc.go:245.2,246.77 2 0
w-gift-server/internal/app/services/external_service_config_svc.go:246.77,248.3 1 0
w-gift-server/internal/app/services/external_service_config_svc.go:251.2,253.25 3 0
w-gift-server/internal/app/services/external_service_config_svc.go:253.25,255.41 2 0
w-gift-server/internal/app/services/external_service_config_svc.go:255.41,257.4 1 0
w-gift-server/internal/app/services/external_service_config_svc.go:261.2,262.39 2 0
w-gift-server/internal/app/services/external_service_config_svc.go:262.39,264.3 1 0
w-gift-server/internal/app/services/external_service_config_svc.go:267.2,268.29 2 0
w-gift-server/internal/app/services/external_service_config_svc.go:268.29,269.32 1 0
w-gift-server/internal/app/services/external_service_config_svc.go:269.32,270.12 1 0
w-gift-server/internal/app/services/external_service_config_svc.go:272.3,274.13 3 0
w-gift-server/internal/app/services/external_service_config_svc.go:274.13,275.21 1 0
w-gift-server/internal/app/services/external_service_config_svc.go:275.21,277.19 2 0
w-gift-server/internal/app/services/external_service_config_svc.go:277.19,279.6 1 0
w-gift-server/internal/app/services/external_service_config_svc.go:279.11,281.6 1 0
w-gift-server/internal/app/services/external_service_config_svc.go:282.10,284.5 1 0
w-gift-server/internal/app/services/external_service_config_svc.go:286.3,291.5 1 0
w-gift-server/internal/app/services/external_service_config_svc.go:294.2,299.8 1 0
w-gift-server/internal/app/services/external_service_config_svc.go:306.127,308.9 2 0
w-gift-server/internal/app/services/external_service_config_svc.go:308.9,310.3 1 0
w-gift-server/internal/app/services/external_service_config_svc.go:313.2,314.27 2 0
w-gift-server/internal/app/services/external_service_config_svc.go:314.27,316.3 1 0
w-gift-server/internal/app/services/external_service_config_svc.go:318.2,318.32 1 0
w-gift-server/internal/app/services/external_service_config_svc.go:318.32,320.27 1 0
w-gift-server/internal/app/services/external_service_config_svc.go:320.27,321.12 1 0
w-gift-server/internal/app/services/external_service_config_svc.go:324.3,325.13 2 0
w-gift-server/internal/app/services/external_service_config_svc.go:325.13,327.4 1 0
w-gift-server/internal/app/services/external_service_config_svc.go:329.3,330.28 2 0
w-gift-server/internal/app/services/external_service_config_svc.go:330.28,332.18 2 0
w-gift-server/internal/app/services/external_service_config_svc.go:332.18,334.5 1 0
w-gift-server/internal/app/services/external_service_config_svc.go:335.4,335.25 1 0
w-gift-server/internal/app/services/external_service_config_svc.go:338.3,350.37 2 0
w-gift-server/internal/app/services/external_service_config_svc.go:350.37,352.4 1 0
w-gift-server/internal/app/services/external_service_config_svc.go:355.2,359.12 3 0
w-gift-server/internal/app/services/external_service_config_svc.go:363.109,364.42 1 0
w-gift-server/internal/app/services/external_service_config_svc.go:364.42,366.3 1 0
w-gift-server/internal/app/services/external_service_config_svc.go:368.2,369.13 2 0
w-gift-server/internal/app/services/external_service_config_svc.go:369.13,371.3 1 0
w-gift-server/internal/app/services/external_service_config_svc.go:373.2,384.36 2 0
w-gift-server/internal/app/services/external_service_config_svc.go:384.36,386.3 1 0
w-gift-server/internal/app/services/external_service_config_svc.go:388.2,393.12 3 0
w-gift-server/internal/app/services/external_service_config_svc.go:400.78,403.9 3 0
w-gift-server/internal/app/services/external_service_config_svc.go:403.9,405.3 1 0
w-gift-server/internal/app/services/external_service_config_svc.go:406.2,406.22 1 0
w-gift-server/internal/app/services/external_service_config_svc.go:412.93,415.80 2 0
w-gift-server/internal/app/services/external_service_config_svc.go:415.80,418.34 2 0
w-gift-server/internal/app/services/external_service_config_svc.go:418.34,420.4 1 0
w-gift-server/internal/app/services/external_service_config_svc.go:421.3,422.12 2 0
w-gift-server/internal/app/services/external_service_config_svc.go:424.2,428.77 3 0
w-gift-server/internal/app/services/external_service_config_svc.go:428.77,432.3 2 0
w-gift-server/internal/app/services/external_service_config_svc.go:434.2,434.20 1 0
w-gift-server/internal/app/services/external_service_config_svc.go:434.20,436.3 1 0
w-gift-server/internal/app/services/external_service_config_svc.go:439.2,440.25 2 0
w-gift-server/internal/app/services/external_service_config_svc.go:440.25,441.39 1 0
w-gift-server/internal/app/services/external_service_config_svc.go:441.39,443.18 2 0
w-gift-server/internal/app/services/external_service_config_svc.go:443.18,449.13 3 0
w-gift-server/internal/app/services/external_service_config_svc.go:451.4,451.31 1 0
w-gift-server/internal/app/services/external_service_config_svc.go:452.9,454.4 1 0
w-gift-server/internal/app/services/external_service_config_svc.go:458.2,467.27 5 0
w-gift-server/internal/app/services/external_service_config_svc.go:467.27,469.3 1 0
w-gift-server/internal/app/services/external_service_config_svc.go:470.2,470.11 1 0
w-gift-server/internal/app/services/external_service_config_svc.go:474.72,478.2 3 0
w-gift-server/internal/app/services/external_service_config_svc.go:484.88,486.2 1 0
w-gift-server/internal/app/services/external_service_config_svc.go:490.38,491.21 1 0
w-gift-server/internal/app/services/external_service_config_svc.go:491.21,493.3 1 0
w-gift-server/internal/app/services/external_service_config_svc.go:494.2,494.38 1 0
w-gift-server/internal/app/services/external_service_config_svc.go:498.86,499.21 1 0
w-gift-server/internal/app/services/external_service_config_svc.go:499.21,501.3 1 0
w-gift-server/internal/app/services/external_service_config_svc.go:502.2,503.33 2 0
w-gift-server/internal/app/services/external_service_config_svc.go:503.33,504.8 1 0
w-gift-server/internal/app/services/external_service_config_svc.go:504.8,506.4 1 0
w-gift-server/internal/app/services/external_service_config_svc.go:507.3,507.17 1 0
w-gift-server/internal/app/services/external_service_config_svc.go:510.2,510.17 1 0
w-gift-server/internal/app/services/external_service_config_svc.go:511.20,520.4 1 0
w-gift-server/internal/app/services/external_service_config_svc.go:521.20,526.4 1 0
w-gift-server/internal/app/services/external_service_config_svc.go:527.23,532.4 1 0
w-gift-server/internal/app/services/external_service_config_svc.go:533.22,540.4 1 0
w-gift-server/internal/app/services/external_service_config_svc.go:541.10,542.29 1 0
w-gift-server/internal/app/services/external_service_config_svc.go:547.99,550.27 3 0
w-gift-server/internal/app/services/external_service_config_svc.go:550.27,551.30 1 0
w-gift-server/internal/app/services/external_service_config_svc.go:551.30,552.12 1 0
w-gift-server/internal/app/services/external_service_config_svc.go:554.3,559.5 1 0
w-gift-server/internal/app/services/external_service_config_svc.go:561.2,565.3 1 0
w-gift-server/internal/app/services/fraud_check_svc.go:34.104,40.2 1 1
w-gift-server/internal/app/services/fraud_check_svc.go:43.100,45.2 1 1
w-gift-server/internal/app/services/fraud_check_svc.go:48.93,50.2 1 1
w-gift-server/internal/app/services/fraud_check_svc.go:53.115,57.28 2 1
w-gift-server/internal/app/services/fraud_check_svc.go:57.28,59.3 1 1
w-gift-server/internal/app/services/fraud_check_svc.go:62.2,63.56 2 1
w-gift-server/internal/app/services/fraud_check_svc.go:63.56,65.3 1 0
w-gift-server/internal/app/services/fraud_check_svc.go:68.2,68.44 1 1
w-gift-server/internal/app/services/fraud_check_svc.go:68.44,71.17 3 1
w-gift-server/internal/app/services/fraud_check_svc.go:71.17,77.4 1 1
w-gift-server/internal/app/services/fraud_check_svc.go:77.9,80.22 3 1
w-gift-server/internal/app/services/fraud_check_svc.go:80.22,82.5 1 1
w-gift-server/internal/app/services/fraud_check_svc.go:87.2,87.60 1 1
w-gift-server/internal/app/services/fraud_check_svc.go:87.60,89.17 2 1
w-gift-server/internal/app/services/fraud_check_svc.go:89.17,96.4 2 0
w-gift-server/internal/app/services/fraud_check_svc.go:98.3,99.27 2 1
w-gift-server/internal/app/services/fraud_check_svc.go:99.27,101.4 1 1
w-gift-server/internal/app/services/fraud_check_svc.go:103.3,104.17 2 1
w-gift-server/internal/app/services/fraud_check_svc.go:104.17,110.4 1 0
w-gift-server/internal/app/services/fraud_check_svc.go:110.9,113.22 3 1
w-gift-server/internal/app/services/fraud_check_svc.go:113.22,115.5 1 1
w-gift-server/internal/app/services/fraud_check_svc.go:119.2,119.20 1 1
w-gift-server/internal/app/services/fraud_check_svc.go:124.156,126.14 1 1
w-gift-server/internal/app/services/fraud_check_svc.go:126.14,131.76 3 1
w-gift-server/internal/app/services/fraud_check_svc.go:131.76,134.32 2 1
w-gift-server/internal/app/services/fraud_check_svc.go:134.32,136.5 1 0
w-gift-server/internal/app/services/fraud_check_svc.go:137.4,137.28 1 1
w-gift-server/internal/app/services/fraud_check_svc.go:142.2,143.16 2 1
w-gift-server/internal/app/services/fraud_check_svc.go:143.16,145.3 1 1
w-gift-server/internal/app/services/fraud_check_svc.go:148.2,149.32 2 1
w-gift-server/internal/app/services/fraud_check_svc.go:149.32,151.3 1 1
w-gift-server/internal/app/services/fraud_check_svc.go:152.2,153.20 2 1
w-gift-server/internal/app/services/fraud_check_svc.go:153.20,155.3 1 1
w-gift-server/internal/app/services/fraud_check_svc.go:157.2,167.52 2 1
w-gift-server/internal/app/services/fraud_check_svc.go:167.52,173.3 1 0
w-gift-server/internal/app/services/fraud_check_svc.go:175.2,175.53 1 1
w-gift-server/internal/app/services/fraud_check_svc.go:179.37,180.20 1 1
w-gift-server/internal/app/services/fraud_check_svc.go:180.20,182.3 1 1
w-gift-server/internal/app/services/fraud_check_svc.go:183.2,183.50 1 1
w-gift-server/internal/app/services/fraud_check_svc.go:187.41,188.22 1 1
[...]
w-gift-server/internal/app/services/settlement_svc.go:126.2,131.19 4 0
w-gift-server/internal/app/services/settlement_svc.go:132.16,135.19 2 0
w-gift-server/internal/app/services/settlement_svc.go:135.19,137.4 1 0
w-gift-server/internal/app/services/settlement_svc.go:138.3,142.47 5 0
w-gift-server/internal/app/services/settlement_svc.go:143.17,148.41 4 0
w-gift-server/internal/app/services/settlement_svc.go:149.10,150.81 1 0
w-gift-server/internal/app/services/settlement_svc.go:154.2,158.23 3 0
w-gift-server/internal/app/services/settlement_svc.go:158.23,162.3 2 0
w-gift-server/internal/app/services/settlement_svc.go:165.2,167.16 3 0
w-gift-server/internal/app/services/settlement_svc.go:167.16,169.3 1 0
w-gift-server/internal/app/services/settlement_svc.go:171.2,172.35 2 0
w-gift-server/internal/app/services/settlement_svc.go:172.35,174.31 2 0
w-gift-server/internal/app/services/settlement_svc.go:174.31,175.12 1 0
w-gift-server/internal/app/services/settlement_svc.go:179.3,183.24 3 0
w-gift-server/internal/app/services/settlement_svc.go:183.24,184.12 1 0
w-gift-server/internal/app/services/settlement_svc.go:188.3,199.17 3 0
w-gift-server/internal/app/services/settlement_svc.go:199.17,205.12 2 0
w-gift-server/internal/app/services/settlement_svc.go:208.3,208.30 1 0
w-gift-server/internal/app/services/settlement_svc.go:208.30,209.12 1 0
w-gift-server/internal/app/services/settlement_svc.go:213.3,215.70 3 0
w-gift-server/internal/app/services/settlement_svc.go:215.70,221.12 2 0
w-gift-server/internal/app/services/settlement_svc.go:224.3,225.17 2 0
w-gift-server/internal/app/services/settlement_svc.go:225.17,227.12 2 0
w-gift-server/internal/app/services/settlement_svc.go:230.3,245.56 4 0
w-gift-server/internal/app/services/settlement_svc.go:245.56,251.12 2 0
w-gift-server/internal/app/services/settlement_svc.go:253.3,253.17 1 0
w-gift-server/internal/app/services/settlement_svc.go:256.2,261.12 2 0
w-gift-server/internal/app/services/settlement_svc.go:265.169,266.23 1 0
w-gift-server/internal/app/services/settlement_svc.go:266.23,268.3 1 0
w-gift-server/internal/app/services/settlement_svc.go:269.2,269.24 1 0
w-gift-server/internal/app/services/settlement_svc.go:269.24,271.3 1 0
w-gift-server/internal/app/services/settlement_svc.go:272.2,272.22 1 0
w-gift-server/internal/app/services/settlement_svc.go:272.22,274.3 1 0
w-gift-server/internal/app/services/settlement_svc.go:275.2,278.19 3 0
w-gift-server/internal/app/services/settlement_svc.go:278.19,280.3 1 0
w-gift-server/internal/app/services/settlement_svc.go:281.2,281.18 1 0
w-gift-server/internal/app/services/settlement_svc.go:281.18,283.3 1 0
w-gift-server/internal/app/services/settlement_svc.go:285.2,290.16 5 0
w-gift-server/internal/app/services/settlement_svc.go:290.16,292.3 1 0
w-gift-server/internal/app/services/settlement_svc.go:293.2,293.89 1 0
w-gift-server/internal/app/services/settlement_svc.go:297.90,299.58 2 0
w-gift-server/internal/app/services/settlement_svc.go:299.58,301.3 1 0
w-gift-server/internal/app/services/settlement_svc.go:302.2,302.25 1 0
w-gift-server/internal/app/services/settlement_svc.go:306.161,307.23 1 0
w-gift-server/internal/app/services/settlement_svc.go:307.23,309.3 1 0
w-gift-server/internal/app/services/settlement_svc.go:310.2,310.24 1 0
w-gift-server/internal/app/services/settlement_svc.go:310.24,312.3 1 0
w-gift-server/internal/app/services/settlement_svc.go:313.2,313.22 1 0
w-gift-server/internal/app/services/settlement_svc.go:313.22,315.3 1 0
w-gift-server/internal/app/services/settlement_svc.go:316.2,326.16 6 0
w-gift-server/internal/app/services/settlement_svc.go:326.16,328.3 1 0
w-gift-server/internal/app/services/settlement_svc.go:329.2,329.89 1 0
w-gift-server/internal/app/services/settlement_svc.go:333.141,335.58 2 0
w-gift-server/internal/app/services/settlement_svc.go:335.58,337.3 1 0
w-gift-server/internal/app/services/settlement_svc.go:340.2,346.9 3 0
w-gift-server/internal/app/services/settlement_svc.go:346.9,348.3 1 0
w-gift-server/internal/app/services/settlement_svc.go:349.2,350.28 2 0
w-gift-server/internal/app/services/settlement_svc.go:350.28,351.18 1 0
w-gift-server/internal/app/services/settlement_svc.go:351.18,353.9 2 0
w-gift-server/internal/app/services/settlement_svc.go:356.2,356.14 1 0
w-gift-server/internal/app/services/settlement_svc.go:356.14,358.3 1 0
w-gift-server/internal/app/services/settlement_svc.go:360.2,364.23 2 0
w-gift-server/internal/app/services/settlement_svc.go:364.23,366.3 1 0
w-gift-server/internal/app/services/settlement_svc.go:367.2,367.25 1 0
w-gift-server/internal/app/services/settlement_svc.go:367.25,369.3 1 0
w-gift-server/internal/app/services/settlement_svc.go:370.2,370.21 1 0
w-gift-server/internal/app/services/settlement_svc.go:370.21,372.3 1 0
w-gift-server/internal/app/services/settlement_svc.go:374.2,374.22 1 0
w-gift-server/internal/app/services/settlement_svc.go:374.22,377.3 2 0
w-gift-server/internal/app/services/settlement_svc.go:379.2,379.91 1 0
w-gift-server/internal/app/services/settlement_svc.go:383.106,387.16 3 0
w-gift-server/internal/app/services/settlement_svc.go:387.16,390.3 2 0
w-gift-server/internal/app/services/settlement_svc.go:391.2,391.14 1 0
w-gift-server/internal/app/services/settlement_svc.go:391.14,394.3 2 0
w-gift-server/internal/app/services/settlement_svc.go:397.2,422.34 6 0
w-gift-server/internal/app/services/settlement_svc.go:422.34,427.3 1 0
w-gift-server/internal/app/services/settlement_svc.go:430.2,440.8 2 0
w-gift-server/internal/app/services/settlement_svc.go:445.58,451.16 4 0
w-gift-server/internal/app/services/settlement_svc.go:451.16,453.3 1 0
w-gift-server/internal/app/services/settlement_svc.go:454.2,472.27 6 0
w-gift-server/internal/app/services/settlement_svc.go:472.27,478.3 1 0
w-gift-server/internal/app/services/settlement_svc.go:481.2,506.28 4 0
w-gift-server/internal/app/services/settlement_svc.go:506.28,514.3 1 0
w-gift-server/internal/app/services/tradein_service.go:30.73,32.2 1 0
w-gift-server/internal/app/services/tradein_service.go:35.70,37.2 1 0
w-gift-server/internal/app/services/tradein_service.go:66.103,69.27 2 0
w-gift-server/internal/app/services/tradein_service.go:69.27,72.19 3 0
w-gift-server/internal/app/services/tradein_service.go:72.19,74.4 1 0
w-gift-server/internal/app/services/tradein_service.go:78.2,79.68 2 0
w-gift-server/internal/app/services/tradein_service.go:79.68,81.3 1 0
w-gift-server/internal/app/services/tradein_service.go:83.2,83.27 1 0
w-gift-server/internal/app/services/tradein_service.go:83.27,85.3 1 0
w-gift-server/internal/app/services/tradein_service.go:88.2,97.49 3 0
w-gift-server/internal/app/services/tradein_service.go:97.49,99.3 1 0
w-gift-server/internal/app/services/tradein_service.go:101.2,113.25 2 0
w-gift-server/internal/app/services/tradein_service.go:113.25,118.25 4 0
w-gift-server/internal/app/services/tradein_service.go:118.25,120.4 1 0
w-gift-server/internal/app/services/tradein_service.go:123.3,124.17 2 0
w-gift-server/internal/app/services/tradein_service.go:124.17,126.4 1 0
w-gift-server/internal/app/services/tradein_service.go:127.3,130.31 3 0
w-gift-server/internal/app/services/tradein_service.go:130.31,132.18 2 0
w-gift-server/internal/app/services/tradein_service.go:132.18,134.5 1 0
w-gift-server/internal/app/services/tradein_service.go:135.4,135.49 1 0
w-gift-server/internal/app/services/tradein_service.go:138.3,138.29 1 0
w-gift-server/internal/app/services/tradein_service.go:138.29,140.18 2 0
w-gift-server/internal/app/services/tradein_service.go:140.18,142.5 1 0
w-gift-server/internal/app/services/tradein_service.go:143.4,143.45 1 0
w-gift-server/internal/app/services/tradein_service.go:148.2,153.40 4 0
w-gift-server/internal/app/services/tradein_service.go:153.40,156.43 2 0
w-gift-server/internal/app/services/tradein_service.go:156.43,158.4 1 0
w-gift-server/internal/app/services/tradein_service.go:159.3,159.56 1 0
w-gift-server/internal/app/services/tradein_service.go:159.56,161.4 1 0
w-gift-server/internal/app/services/tradein_service.go:162.3,162.21 1 0
w-gift-server/internal/app/services/tradein_service.go:162.21,164.4 1 0
w-gift-server/internal/app/services/tradein_service.go:165.3,165.23 1 0
w-gift-server/internal/app/services/tradein_service.go:165.23,167.4 1 0
w-gift-server/internal/app/services/tradein_service.go:168.3,168.55 1 0
w-gift-server/internal/app/services/tradein_service.go:168.55,170.4 1 0
w-gift-server/internal/app/services/tradein_service.go:171.8,174.17 2 0
w-gift-server/internal/app/services/tradein_service.go:174.17,176.4 1 0
w-gift-server/internal/app/services/tradein_service.go:177.3,177.35 1 0
w-gift-server/internal/app/services/tradein_service.go:180.2,185.28 4 0
w-gift-server/internal/app/services/tradein_service.go:185.28,187.3 1 0
w-gift-server/internal/app/services/tradein_service.go:188.2,188.29 1 0
w-gift-server/internal/app/services/tradein_service.go:188.29,190.3 1 0
w-gift-server/internal/app/services/tradein_service.go:191.2,191.29 1 0
w-gift-server/internal/app/services/tradein_service.go:191.29,193.3 1 0
w-gift-server/internal/app/services/tradein_service.go:194.2,194.32 1 0
w-gift-server/internal/app/services/tradein_service.go:194.32,196.3 1 0
w-gift-server/internal/app/services/tradein_service.go:197.2,197.30 1 0
w-gift-server/internal/app/services/tradein_service.go:197.30,198.73 1 0
w-gift-server/internal/app/services/tradein_service.go:198.73,200.4 1 0
w-gift-server/internal/app/services/tradein_service.go:202.2,202.29 1 0
w-gift-server/internal/app/services/tradein_service.go:202.29,203.72 1 0
w-gift-server/internal/app/services/tradein_service.go:203.72,205.4 1 0
w-gift-server/internal/app/services/tradein_service.go:207.2,207.25 1 0
w-gift-server/internal/app/services/tradein_service.go:207.25,209.3 1 0
w-gift-server/internal/app/services/tradein_service.go:212.2,212.51 1 0
w-gift-server/internal/app/services/tradein_service.go:212.51,214.3 1 0
w-gift-server/internal/app/services/tradein_service.go:216.2,216.21 1 0
w-gift-server/internal/app/services/tradein_service.go:220.137,225.47 4 0
w-gift-server/internal/app/services/tradein_service.go:225.47,227.3 1 0
w-gift-server/internal/app/services/tradein_service.go:229.2,234.89 3 0
w-gift-server/internal/app/services/tradein_service.go:238.86,240.94 2 0
w-gift-server/internal/app/services/tradein_service.go:240.94,242.3 1 0
w-gift-server/internal/app/services/tradein_service.go:244.2,244.28 1 0
w-gift-server/internal/app/services/tradein_service.go:244.28,246.36 2 0
w-gift-server/internal/app/services/tradein_service.go:246.36,249.4 2 0
w-gift-server/internal/app/services/tradein_service.go:249.9,252.4 2 0
w-gift-server/internal/app/services/tradein_service.go:254.2,254.22 1 0
w-gift-server/internal/app/services/user_service.go:21.47,23.2 1 0
w-gift-server/internal/app/services/user_service.go:27.69,29.56 2 0
w-gift-server/internal/app/services/user_service.go:29.56,31.3 1 0
w-gift-server/internal/app/services/user_service.go:33.2,33.56 1 0
w-gift-server/internal/app/services/user_service.go:33.56,35.3 1 0
w-gift-server/internal/app/services/user_service.go:37.2,40.50 3 0
w-gift-server/internal/app/services/user_service.go:40.50,43.133 2 0
w-gift-server/internal/app/services/user_service.go:43.133,45.4 1 0
w-gift-server/internal/app/services/user_service.go:46.3,46.24 1 0
w-gift-server/internal/app/services/user_service.go:46.24,48.4 1 0
w-gift-server/internal/app/services/user_service.go:51.3,52.162 2 0
w-gift-server/internal/app/services/user_service.go:52.162,54.4 1 0
w-gift-server/internal/app/services/user_service.go:55.3,55.26 1 0
w-gift-server/internal/app/services/user_service.go:55.26,57.4 1 0
w-gift-server/internal/app/services/user_service.go:60.3,73.24 1 0
w-gift-server/internal/app/services/user_service.go:73.24,75.4 1 0
w-gift-server/internal/app/services/user_service.go:77.3,77.93 1 0
w-gift-server/internal/app/services/user_service.go:77.93,79.4 1 0
w-gift-server/internal/app/services/user_service.go:81.3,81.89 1 0
w-gift-server/internal/app/services/user_service.go:81.89,83.4 1 0
w-gift-server/internal/app/services/user_service.go:85.3,88.24 1 0
w-gift-server/internal/app/services/user_service.go:88.24,90.4 1 0
w-gift-server/internal/app/services/user_service.go:91.3,91.13 1 0
w-gift-server/internal/app/services/webauthn_service.go:33.44,35.2 1 0
w-gift-server/internal/app/services/webauthn_service.go:37.46,39.2 1 0
w-gift-server/internal/app/services/webauthn_service.go:41.53,42.24 1 0
w-gift-server/internal/app/services/webauthn_service.go:42.24,44.3 1 0
w-gift-server/internal/app/services/webauthn_service.go:45.2,45.21 1 0
w-gift-server/internal/app/services/webauthn_service.go:48.68,50.2 1 0
w-gift-server/internal/app/services/webauthn_service.go:81.75,84.27 3 0
w-gift-server/internal/app/services/webauthn_service.go:84.27,86.3 1 0
w-gift-server/internal/app/services/webauthn_service.go:87.2,87.24 1 0
w-gift-server/internal/app/services/webauthn_service.go:87.24,90.24 2 0
w-gift-server/internal/app/services/webauthn_service.go:90.24,92.30 2 0
w-gift-server/internal/app/services/webauthn_service.go:92.30,93.25 1 0
w-gift-server/internal/app/services/webauthn_service.go:93.25,95.11 2 0
w-gift-server/internal/app/services/webauthn_service.go:98.4,98.18 1 0
w-gift-server/internal/app/services/webauthn_service.go:98.18,100.5 1 0
w-gift-server/internal/app/services/webauthn_service.go:105.2,105.39 1 0
w-gift-server/internal/app/services/webauthn_service.go:105.39,108.29 3 0
w-gift-server/internal/app/services/webauthn_service.go:108.29,109.40 1 0
w-gift-server/internal/app/services/webauthn_service.go:109.40,111.10 2 0
w-gift-server/internal/app/services/webauthn_service.go:114.3,114.20 1 0
w-gift-server/internal/app/services/webauthn_service.go:114.20,116.4 1 0
w-gift-server/internal/app/services/webauthn_service.go:119.2,119.23 1 0
w-gift-server/internal/app/services/webauthn_service.go:119.23,121.3 1 0
w-gift-server/internal/app/services/webauthn_service.go:123.2,128.16 2 0
w-gift-server/internal/app/services/webauthn_service.go:128.16,130.3 1 0
w-gift-server/internal/app/services/webauthn_service.go:132.2,140.3 2 0
w-gift-server/internal/app/services/webauthn_service.go:149.95,151.16 2 0
w-gift-server/internal/app/services/webauthn_service.go:151.16,153.3 1 0
w-gift-server/internal/app/services/webauthn_service.go:154.2,158.42 3 0
w-gift-server/internal/app/services/webauthn_service.go:158.42,160.3 1 0
w-gift-server/internal/app/services/webauthn_service.go:161.2,164.16 2 0
w-gift-server/internal/app/services/webauthn_service.go:164.16,166.3 1 0
w-gift-server/internal/app/services/webauthn_service.go:168.2,173.22 2 0
w-gift-server/internal/app/services/webauthn_service.go:177.125,180.9 3 0
w-gift-server/internal/app/services/webauthn_service.go:180.9,182.3 1 0
w-gift-server/internal/app/services/webauthn_service.go:183.2,184.39 2 0
w-gift-server/internal/app/services/webauthn_service.go:184.39,186.3 1 0
w-gift-server/internal/app/services/webauthn_service.go:188.2,189.16 2 0
w-gift-server/internal/app/services/webauthn_service.go:189.16,191.3 1 0
w-gift-server/internal/app/services/webauthn_service.go:193.2,194.16 2 0
w-gift-server/internal/app/services/webauthn_service.go:194.16,196.3 1 0
w-gift-server/internal/app/services/webauthn_service.go:199.2,200.41 2 0
w-gift-server/internal/app/services/webauthn_service.go:200.41,202.3 1 0
w-gift-server/internal/app/services/webauthn_service.go:205.2,208.20 2 0
w-gift-server/internal/app/services/webauthn_service.go:208.20,210.3 1 0
w-gift-server/internal/app/services/webauthn_service.go:212.2,223.51 2 0
w-gift-server/internal/app/services/webauthn_service.go:223.51,225.3 1 0
w-gift-server/internal/app/services/webauthn_service.go:228.2,235.12 3 0
w-gift-server/internal/app/services/webauthn_service.go:243.98,245.16 2 0
w-gift-server/internal/app/services/webauthn_service.go:245.16,247.3 1 0
w-gift-server/internal/app/services/webauthn_service.go:249.2,249.44 1 0
w-gift-server/internal/app/services/webauthn_service.go:249.44,251.3 1 0
w-gift-server/internal/app/services/webauthn_service.go:253.2,254.16 2 0
w-gift-server/internal/app/services/webauthn_service.go:254.16,256.3 1 0
w-gift-server/internal/app/services/webauthn_service.go:258.2,263.23 2 0
w-gift-server/internal/app/services/webauthn_service.go:267.111,270.9 3 0
w-gift-server/internal/app/services/webauthn_service.go:270.9,272.3 1 0
w-gift-server/internal/app/services/webauthn_service.go:273.2,274.39 2 0
w-gift-server/internal/app/services/webauthn_service.go:274.39,276.3 1 0
w-gift-server/internal/app/services/webauthn_service.go:278.2,279.16 2 0
w-gift-server/internal/app/services/webauthn_service.go:279.16,281.3 1 0
w-gift-server/internal/app/services/webauthn_service.go:283.2,284.16 2 0
w-gift-server/internal/app/services/webauthn_service.go:284.16,286.3 1 0
w-gift-server/internal/app/services/webauthn_service.go:289.2,298.12 4 0
w-gift-server/internal/app/services/webauthn_service.go:306.91,308.100 2 0
w-gift-server/internal/app/services/webauthn_service.go:308.100,310.3 1 0
w-gift-server/internal/app/services/webauthn_service.go:311.2,311.19 1 0
w-gift-server/internal/app/services/webauthn_service.go:316.80,318.25 2 0
w-gift-server/internal/app/services/webauthn_service.go:318.25,320.3 1 0
w-gift-server/internal/app/services/webauthn_service.go:321.2,321.30 1 0
w-gift-server/internal/app/services/webauthn_service.go:321.30,323.3 1 0
w-gift-server/internal/app/services/webauthn_service.go:326.2,328.16 3 0
w-gift-server/internal/app/services/webauthn_service.go:328.16,330.3 1 0
w-gift-server/internal/app/services/webauthn_service.go:332.2,332.12 1 0
w-gift-server/internal/app/services/webauthn_service.go:336.89,338.16 2 0
w-gift-server/internal/app/services/webauthn_service.go:338.16,340.3 1 0
w-gift-server/internal/app/services/webauthn_service.go:341.2,341.28 1 0
w-gift-server/internal/app/services/webauthn_service.go:341.28,343.3 1 0
w-gift-server/internal/app/services/webauthn_service.go:344.2,347.30 2 0
w-gift-server/internal/app/services/webauthn_service.go:347.30,349.3 1 0
w-gift-server/internal/app/services/webauthn_service.go:350.2,350.21 1 0
w-gift-server/internal/app/services/webauthn_service.go:354.59,358.2 3 0
w-gift-server/internal/app/services/webauthn_service.go:361.60,363.86 2 0
w-gift-server/internal/app/services/webauthn_service.go:363.86,365.3 1 0
w-gift-server/internal/app/services/webauthn_service.go:366.2,366.28 1 0
w-gift-server/internal/app/services/webauthn_service.go:374.93,376.56 2 0
w-gift-server/internal/app/services/webauthn_service.go:376.56,378.3 1 0
w-gift-server/internal/app/services/webauthn_service.go:380.2,384.29 4 0
w-gift-server/internal/app/services/webauthn_service.go:384.29,386.17 2 0
w-gift-server/internal/app/services/webauthn_service.go:386.17,388.12 2 0
w-gift-server/internal/app/services/webauthn_service.go:391.3,392.25 2 0
w-gift-server/internal/app/services/webauthn_service.go:392.25,393.55 1 0
w-gift-server/internal/app/services/webauthn_service.go:393.55,395.5 1 0
w-gift-server/internal/app/services/webauthn_service.go:398.3,406.5 1 0
w-gift-server/internal/app/services/webauthn_service.go:409.2,414.27 2 0
w-gift-server/internal/app/services/webauthn_service.go:418.42,419.18 1 0
w-gift-server/internal/app/services/webauthn_service.go:419.18,421.3 1 0
w-gift-server/internal/app/services/webauthn_service.go:422.2,423.16 2 0
w-gift-server/internal/app/services/webauthn_service.go:423.16,425.3 1 0
w-gift-server/internal/app/services/webauthn_service.go:426.2,427.13 2 0
w-gift-server/internal/app/services/webauthn_service.go:431.44,432.18 1 0
w-gift-server/internal/app/services/webauthn_service.go:432.18,434.3 1 0
w-gift-server/internal/app/services/webauthn_service.go:435.2,436.16 2 0
w-gift-server/internal/app/services/webauthn_service.go:436.16,438.3 1 0
w-gift-server/internal/app/services/webauthn_service.go:440.2,441.15 2 0
